2022-04-06T00:53:55.423+0800	[34mINFO[0m	nacos_client/nacos_client.go:79	logDir:</home/gqzcl/workspace/arod-im/app/logic/cmd/logic/log>   cacheDir:</home/gqzcl/workspace/arod-im/app/logic/cmd/logic/cache>
2022-04-06T00:53:55.424+0800	[34mINFO[0m	naming_client/push_receiver.go:80	udp server start, port: 55434
2022-04-06T00:53:55.424+0800	[31mERROR[0m	cache/disk_cache.go:60	read cacheDir:/home/gqzcl/workspace/arod-im/app/logic/cmd/logic/cache/naming failed!err:open /home/gqzcl/workspace/arod-im/app/logic/cmd/logic/cache/naming: no such file or directory
2022-04-06T00:58:31.554+0800	[34mINFO[0m	nacos_client/nacos_client.go:79	logDir:</home/gqzcl/workspace/arod-im/app/logic/cmd/logic/log>   cacheDir:</home/gqzcl/workspace/arod-im/app/logic/cmd/logic/cache>
2022-04-06T00:58:31.554+0800	[34mINFO[0m	naming_client/push_receiver.go:80	udp server start, port: 55827
2022-04-06T00:58:31.554+0800	[31mERROR[0m	cache/disk_cache.go:60	read cacheDir:/home/gqzcl/workspace/arod-im/app/logic/cmd/logic/cache/naming failed!err:open /home/gqzcl/workspace/arod-im/app/logic/cmd/logic/cache/naming: no such file or directory
2022-04-07T01:19:00.584+0800	[34mINFO[0m	nacos_client/nacos_client.go:79	logDir:</home/gqzcl/workspace/arod-im/app/logic/cmd/logic/log>   cacheDir:</home/gqzcl/workspace/arod-im/app/logic/cmd/logic/cache>
2022-04-07T01:19:00.585+0800	[34mINFO[0m	naming_client/push_receiver.go:80	udp server start, port: 55353
2022-04-07T01:19:00.585+0800	[31mERROR[0m	cache/disk_cache.go:60	read cacheDir:/home/gqzcl/workspace/arod-im/app/logic/cmd/logic/cache/naming failed!err:open /home/gqzcl/workspace/arod-im/app/logic/cmd/logic/cache/naming: no such file or directory
2022-04-09T11:34:18.196+0800	[34mINFO[0m	nacos_client/nacos_client.go:79	logDir:</home/gqzcl/workspace/arod-im/app/logic/cmd/logic/log>   cacheDir:</home/gqzcl/workspace/arod-im/app/logic/cmd/logic/cache>
2022-04-09T11:34:18.196+0800	[34mINFO[0m	naming_client/push_receiver.go:80	udp server start, port: 55008
2022-04-09T11:34:18.196+0800	[31mERROR[0m	cache/disk_cache.go:60	read cacheDir:/home/gqzcl/workspace/arod-im/app/logic/cmd/logic/cache/naming failed!err:open /home/gqzcl/workspace/arod-im/app/logic/cmd/logic/cache/naming: no such file or directory
2022-04-09T11:46:59.849+0800	[34mINFO[0m	nacos_client/nacos_client.go:79	logDir:</home/gqzcl/workspace/arod-im/app/logic/cmd/logic/log>   cacheDir:</home/gqzcl/workspace/arod-im/app/logic/cmd/logic/cache>
2022-04-09T11:46:59.850+0800	[34mINFO[0m	naming_client/push_receiver.go:80	udp server start, port: 55905
2022-04-09T11:46:59.850+0800	[31mERROR[0m	cache/disk_cache.go:60	read cacheDir:/home/gqzcl/workspace/arod-im/app/logic/cmd/logic/cache/naming failed!err:open /home/gqzcl/workspace/arod-im/app/logic/cmd/logic/cache/naming: no such file or directory
2022-04-09T11:51:09.244+0800	[34mINFO[0m	nacos_client/nacos_client.go:79	logDir:</home/gqzcl/workspace/arod-im/app/logic/cmd/logic/log>   cacheDir:</home/gqzcl/workspace/arod-im/app/logic/cmd/logic/cache>
2022-04-09T11:51:09.244+0800	[34mINFO[0m	naming_client/push_receiver.go:80	udp server start, port: 55456
2022-04-09T11:51:09.244+0800	[31mERROR[0m	cache/disk_cache.go:60	read cacheDir:/home/gqzcl/workspace/arod-im/app/logic/cmd/logic/cache/naming failed!err:open /home/gqzcl/workspace/arod-im/app/logic/cmd/logic/cache/naming: no such file or directory
2022-04-09T12:15:46.598+0800	[34mINFO[0m	nacos_client/nacos_client.go:79	logDir:</home/gqzcl/workspace/arod-im/app/logic/cmd/logic/log>   cacheDir:</home/gqzcl/workspace/arod-im/app/logic/cmd/logic/cache>
2022-04-09T12:15:46.598+0800	[34mINFO[0m	naming_client/push_receiver.go:80	udp server start, port: 55485
2022-04-09T12:15:46.598+0800	[31mERROR[0m	cache/disk_cache.go:60	read cacheDir:/home/gqzcl/workspace/arod-im/app/logic/cmd/logic/cache/naming failed!err:open /home/gqzcl/workspace/arod-im/app/logic/cmd/logic/cache/naming: no such file or directory
2022-04-09T12:47:38.777+0800	[34mINFO[0m	nacos_client/nacos_client.go:79	logDir:</home/gqzcl/workspace/arod-im/app/logic/cmd/logic/log>   cacheDir:</home/gqzcl/workspace/arod-im/app/logic/cmd/logic/cache>
2022-04-09T12:47:38.778+0800	[34mINFO[0m	naming_client/push_receiver.go:80	udp server start, port: 55091
2022-04-09T12:47:38.778+0800	[31mERROR[0m	cache/disk_cache.go:60	read cacheDir:/home/gqzcl/workspace/arod-im/app/logic/cmd/logic/cache/naming failed!err:open /home/gqzcl/workspace/arod-im/app/logic/cmd/logic/cache/naming: no such file or directory
2022-04-09T12:55:38.349+0800	[34mINFO[0m	nacos_client/nacos_client.go:79	logDir:</home/gqzcl/workspace/arod-im/app/logic/cmd/logic/log>   cacheDir:</home/gqzcl/workspace/arod-im/app/logic/cmd/logic/cache>
2022-04-09T12:55:38.349+0800	[34mINFO[0m	naming_client/push_receiver.go:80	udp server start, port: 55893
2022-04-09T12:55:38.350+0800	[31mERROR[0m	cache/disk_cache.go:60	read cacheDir:/home/gqzcl/workspace/arod-im/app/logic/cmd/logic/cache/naming failed!err:open /home/gqzcl/workspace/arod-im/app/logic/cmd/logic/cache/naming: no such file or directory
2022-04-09T12:59:59.905+0800	[34mINFO[0m	nacos_client/nacos_client.go:79	logDir:</home/gqzcl/workspace/arod-im/app/logic/cmd/logic/log>   cacheDir:</home/gqzcl/workspace/arod-im/app/logic/cmd/logic/cache>
2022-04-09T12:59:59.906+0800	[34mINFO[0m	naming_client/push_receiver.go:80	udp server start, port: 55832
2022-04-09T12:59:59.906+0800	[31mERROR[0m	cache/disk_cache.go:60	read cacheDir:/home/gqzcl/workspace/arod-im/app/logic/cmd/logic/cache/naming failed!err:open /home/gqzcl/workspace/arod-im/app/logic/cmd/logic/cache/naming: no such file or directory
2022-04-10T11:55:39.670+0800	[34mINFO[0m	nacos_client/nacos_client.go:79	logDir:</home/gqzcl/workspace/arod-im/app/logic/cmd/logic/log>   cacheDir:</home/gqzcl/workspace/arod-im/app/logic/cmd/logic/cache>
2022-04-10T11:55:39.670+0800	[34mINFO[0m	naming_client/push_receiver.go:80	udp server start, port: 54977
2022-04-10T11:55:39.670+0800	[31mERROR[0m	cache/disk_cache.go:60	read cacheDir:/home/gqzcl/workspace/arod-im/app/logic/cmd/logic/cache/naming failed!err:open /home/gqzcl/workspace/arod-im/app/logic/cmd/logic/cache/naming: no such file or directory
2022-04-10T13:41:17.872+0800	[34mINFO[0m	nacos_client/nacos_client.go:79	logDir:</home/gqzcl/workspace/arod-im/app/logic/cmd/logic/log>   cacheDir:</home/gqzcl/workspace/arod-im/app/logic/cmd/logic/cache>
2022-04-10T13:41:17.873+0800	[34mINFO[0m	naming_client/push_receiver.go:80	udp server start, port: 55431
2022-04-10T13:41:17.873+0800	[31mERROR[0m	cache/disk_cache.go:60	read cacheDir:/home/gqzcl/workspace/arod-im/app/logic/cmd/logic/cache/naming failed!err:open /home/gqzcl/workspace/arod-im/app/logic/cmd/logic/cache/naming: no such file or directory
2022-04-10T13:47:09.013+0800	[34mINFO[0m	nacos_client/nacos_client.go:79	logDir:</home/gqzcl/workspace/arod-im/app/logic/cmd/logic/log>   cacheDir:</home/gqzcl/workspace/arod-im/app/logic/cmd/logic/cache>
2022-04-10T13:47:09.013+0800	[34mINFO[0m	naming_client/push_receiver.go:80	udp server start, port: 55936
2022-04-10T13:47:09.013+0800	[31mERROR[0m	cache/disk_cache.go:60	read cacheDir:/home/gqzcl/workspace/arod-im/app/logic/cmd/logic/cache/naming failed!err:open /home/gqzcl/workspace/arod-im/app/logic/cmd/logic/cache/naming: no such file or directory
2022-04-10T13:49:36.467+0800	[34mINFO[0m	nacos_client/nacos_client.go:79	logDir:</home/gqzcl/workspace/arod-im/app/logic/cmd/logic/log>   cacheDir:</home/gqzcl/workspace/arod-im/app/logic/cmd/logic/cache>
2022-04-10T13:49:36.467+0800	[34mINFO[0m	naming_client/push_receiver.go:80	udp server start, port: 55511
2022-04-10T13:49:36.467+0800	[31mERROR[0m	cache/disk_cache.go:60	read cacheDir:/home/gqzcl/workspace/arod-im/app/logic/cmd/logic/cache/naming failed!err:open /home/gqzcl/workspace/arod-im/app/logic/cmd/logic/cache/naming: no such file or directory
2022-04-10T14:56:05.405+0800	[34mINFO[0m	nacos_client/nacos_client.go:79	logDir:</home/gqzcl/workspace/arod-im/app/logic/cmd/logic/log>   cacheDir:</home/gqzcl/workspace/arod-im/app/logic/cmd/logic/cache>
2022-04-10T14:56:05.405+0800	[34mINFO[0m	naming_client/push_receiver.go:80	udp server start, port: 55747
2022-04-10T14:56:05.405+0800	[31mERROR[0m	cache/disk_cache.go:60	read cacheDir:/home/gqzcl/workspace/arod-im/app/logic/cmd/logic/cache/naming failed!err:open /home/gqzcl/workspace/arod-im/app/logic/cmd/logic/cache/naming: no such file or directory
2022-04-10T15:24:13.735+0800	[34mINFO[0m	nacos_client/nacos_client.go:79	logDir:</home/gqzcl/workspace/arod-im/app/logic/cmd/logic/log>   cacheDir:</home/gqzcl/workspace/arod-im/app/logic/cmd/logic/cache>
2022-04-10T15:24:13.735+0800	[34mINFO[0m	naming_client/push_receiver.go:80	udp server start, port: 55769
2022-04-10T15:24:13.735+0800	[31mERROR[0m	cache/disk_cache.go:60	read cacheDir:/home/gqzcl/workspace/arod-im/app/logic/cmd/logic/cache/naming failed!err:open /home/gqzcl/workspace/arod-im/app/logic/cmd/logic/cache/naming: no such file or directory
2022-04-10T15:33:05.708+0800	[34mINFO[0m	nacos_client/nacos_client.go:79	logDir:</home/gqzcl/workspace/arod-im/app/logic/cmd/logic/log>   cacheDir:</home/gqzcl/workspace/arod-im/app/logic/cmd/logic/cache>
2022-04-10T15:33:05.708+0800	[34mINFO[0m	naming_client/push_receiver.go:80	udp server start, port: 55787
2022-04-10T15:33:05.708+0800	[31mERROR[0m	cache/disk_cache.go:60	read cacheDir:/home/gqzcl/workspace/arod-im/app/logic/cmd/logic/cache/naming failed!err:open /home/gqzcl/workspace/arod-im/app/logic/cmd/logic/cache/naming: no such file or directory
2022-04-10T15:52:35.374+0800	[34mINFO[0m	nacos_client/nacos_client.go:79	logDir:</home/gqzcl/workspace/arod-im/app/logic/cmd/logic/log>   cacheDir:</home/gqzcl/workspace/arod-im/app/logic/cmd/logic/cache>
2022-04-10T15:52:35.374+0800	[34mINFO[0m	naming_client/push_receiver.go:80	udp server start, port: 55354
2022-04-10T15:52:35.374+0800	[31mERROR[0m	cache/disk_cache.go:60	read cacheDir:/home/gqzcl/workspace/arod-im/app/logic/cmd/logic/cache/naming failed!err:open /home/gqzcl/workspace/arod-im/app/logic/cmd/logic/cache/naming: no such file or directory
2022-04-10T15:53:54.728+0800	[34mINFO[0m	nacos_client/nacos_client.go:79	logDir:</home/gqzcl/workspace/arod-im/app/logic/cmd/logic/log>   cacheDir:</home/gqzcl/workspace/arod-im/app/logic/cmd/logic/cache>
2022-04-10T15:53:54.728+0800	[34mINFO[0m	naming_client/push_receiver.go:80	udp server start, port: 55372
2022-04-10T15:53:54.728+0800	[31mERROR[0m	cache/disk_cache.go:60	read cacheDir:/home/gqzcl/workspace/arod-im/app/logic/cmd/logic/cache/naming failed!err:open /home/gqzcl/workspace/arod-im/app/logic/cmd/logic/cache/naming: no such file or directory
2022-04-10T21:45:34.033+0800	[34mINFO[0m	nacos_client/nacos_client.go:79	logDir:</home/gqzcl/workspace/arod-im/app/logic/cmd/logic/log>   cacheDir:</home/gqzcl/workspace/arod-im/app/logic/cmd/logic/cache>
2022-04-10T21:45:34.034+0800	[34mINFO[0m	naming_client/push_receiver.go:80	udp server start, port: 55730
2022-04-10T21:45:34.034+0800	[31mERROR[0m	cache/disk_cache.go:60	read cacheDir:/home/gqzcl/workspace/arod-im/app/logic/cmd/logic/cache/naming failed!err:open /home/gqzcl/workspace/arod-im/app/logic/cmd/logic/cache/naming: no such file or directory
2022-04-11T10:54:30.263+0800	[34mINFO[0m	nacos_client/nacos_client.go:79	logDir:</home/gqzcl/workspace/arod-im/app/logic/cmd/logic/log>   cacheDir:</home/gqzcl/workspace/arod-im/app/logic/cmd/logic/cache>
2022-04-11T10:54:30.265+0800	[34mINFO[0m	naming_client/push_receiver.go:80	udp server start, port: 55267
2022-04-11T10:54:30.266+0800	[31mERROR[0m	cache/disk_cache.go:60	read cacheDir:/home/gqzcl/workspace/arod-im/app/logic/cmd/logic/cache/naming failed!err:open /home/gqzcl/workspace/arod-im/app/logic/cmd/logic/cache/naming: no such file or directory
2022-04-11T12:15:37.006+0800	[34mINFO[0m	nacos_client/nacos_client.go:79	logDir:</home/gqzcl/workspace/arod-im/app/logic/cmd/logic/log>   cacheDir:</home/gqzcl/workspace/arod-im/app/logic/cmd/logic/cache>
2022-04-11T12:15:37.007+0800	[34mINFO[0m	naming_client/push_receiver.go:80	udp server start, port: 55532
2022-04-11T12:15:37.007+0800	[31mERROR[0m	cache/disk_cache.go:60	read cacheDir:/home/gqzcl/workspace/arod-im/app/logic/cmd/logic/cache/naming failed!err:open /home/gqzcl/workspace/arod-im/app/logic/cmd/logic/cache/naming: no such file or directory
2022-04-11T13:30:27.799+0800	[34mINFO[0m	nacos_client/nacos_client.go:79	logDir:</home/gqzcl/workspace/arod-im/app/logic/cmd/logic/log>   cacheDir:</home/gqzcl/workspace/arod-im/app/logic/cmd/logic/cache>
2022-04-11T13:30:27.799+0800	[34mINFO[0m	naming_client/push_receiver.go:80	udp server start, port: 55478
2022-04-11T13:30:27.799+0800	[31mERROR[0m	cache/disk_cache.go:60	read cacheDir:/home/gqzcl/workspace/arod-im/app/logic/cmd/logic/cache/naming failed!err:open /home/gqzcl/workspace/arod-im/app/logic/cmd/logic/cache/naming: no such file or directory
2022-04-11T13:32:20.739+0800	[34mINFO[0m	nacos_client/nacos_client.go:79	logDir:</home/gqzcl/workspace/arod-im/app/logic/cmd/logic/log>   cacheDir:</home/gqzcl/workspace/arod-im/app/logic/cmd/logic/cache>
2022-04-11T13:32:20.740+0800	[34mINFO[0m	naming_client/push_receiver.go:80	udp server start, port: 55237
2022-04-11T13:32:20.740+0800	[31mERROR[0m	cache/disk_cache.go:60	read cacheDir:/home/gqzcl/workspace/arod-im/app/logic/cmd/logic/cache/naming failed!err:open /home/gqzcl/workspace/arod-im/app/logic/cmd/logic/cache/naming: no such file or directory
2022-04-11T14:00:02.140+0800	[34mINFO[0m	nacos_client/nacos_client.go:79	logDir:</home/gqzcl/workspace/arod-im/app/logic/cmd/logic/log>   cacheDir:</home/gqzcl/workspace/arod-im/app/logic/cmd/logic/cache>
2022-04-11T14:00:02.140+0800	[34mINFO[0m	naming_client/push_receiver.go:80	udp server start, port: 55380
2022-04-11T14:00:02.141+0800	[31mERROR[0m	cache/disk_cache.go:60	read cacheDir:/home/gqzcl/workspace/arod-im/app/logic/cmd/logic/cache/naming failed!err:open /home/gqzcl/workspace/arod-im/app/logic/cmd/logic/cache/naming: no such file or directory
2022-04-11T15:21:39.661+0800	[34mINFO[0m	nacos_client/nacos_client.go:79	logDir:</home/gqzcl/workspace/arod-im/app/logic/cmd/logic/log>   cacheDir:</home/gqzcl/workspace/arod-im/app/logic/cmd/logic/cache>
2022-04-11T15:21:39.661+0800	[34mINFO[0m	naming_client/push_receiver.go:80	udp server start, port: 55930
2022-04-11T15:21:39.661+0800	[31mERROR[0m	cache/disk_cache.go:60	read cacheDir:/home/gqzcl/workspace/arod-im/app/logic/cmd/logic/cache/naming failed!err:open /home/gqzcl/workspace/arod-im/app/logic/cmd/logic/cache/naming: no such file or directory
2022-04-11T15:36:18.750+0800	[34mINFO[0m	nacos_client/nacos_client.go:79	logDir:</home/gqzcl/workspace/arod-im/app/logic/cmd/logic/log>   cacheDir:</home/gqzcl/workspace/arod-im/app/logic/cmd/logic/cache>
2022-04-11T15:36:18.751+0800	[34mINFO[0m	naming_client/push_receiver.go:80	udp server start, port: 55707
2022-04-11T15:36:18.751+0800	[31mERROR[0m	cache/disk_cache.go:60	read cacheDir:/home/gqzcl/workspace/arod-im/app/logic/cmd/logic/cache/naming failed!err:open /home/gqzcl/workspace/arod-im/app/logic/cmd/logic/cache/naming: no such file or directory
2022-04-11T15:47:30.829+0800	[34mINFO[0m	nacos_client/nacos_client.go:79	logDir:</home/gqzcl/workspace/arod-im/app/logic/cmd/logic/log>   cacheDir:</home/gqzcl/workspace/arod-im/app/logic/cmd/logic/cache>
2022-04-11T15:47:30.829+0800	[34mINFO[0m	naming_client/push_receiver.go:80	udp server start, port: 55319
2022-04-11T15:47:30.829+0800	[31mERROR[0m	cache/disk_cache.go:60	read cacheDir:/home/gqzcl/workspace/arod-im/app/logic/cmd/logic/cache/naming failed!err:open /home/gqzcl/workspace/arod-im/app/logic/cmd/logic/cache/naming: no such file or directory
2022-04-11T15:50:52.799+0800	[34mINFO[0m	nacos_client/nacos_client.go:79	logDir:</home/gqzcl/workspace/arod-im/app/logic/cmd/logic/log>   cacheDir:</home/gqzcl/workspace/arod-im/app/logic/cmd/logic/cache>
2022-04-11T15:50:52.799+0800	[34mINFO[0m	naming_client/push_receiver.go:80	udp server start, port: 55106
2022-04-11T15:50:52.799+0800	[31mERROR[0m	cache/disk_cache.go:60	read cacheDir:/home/gqzcl/workspace/arod-im/app/logic/cmd/logic/cache/naming failed!err:open /home/gqzcl/workspace/arod-im/app/logic/cmd/logic/cache/naming: no such file or directory
2022-04-11T16:05:38.633+0800	[34mINFO[0m	nacos_client/nacos_client.go:79	logDir:</home/gqzcl/workspace/arod-im/app/logic/cmd/logic/log>   cacheDir:</home/gqzcl/workspace/arod-im/app/logic/cmd/logic/cache>
2022-04-11T16:05:38.633+0800	[34mINFO[0m	naming_client/push_receiver.go:80	udp server start, port: 55170
2022-04-11T16:05:38.633+0800	[31mERROR[0m	cache/disk_cache.go:60	read cacheDir:/home/gqzcl/workspace/arod-im/app/logic/cmd/logic/cache/naming failed!err:open /home/gqzcl/workspace/arod-im/app/logic/cmd/logic/cache/naming: no such file or directory
2022-04-11T20:56:08.295+0800	[34mINFO[0m	nacos_client/nacos_client.go:79	logDir:</home/gqzcl/workspace/arod-im/app/logic/cmd/logic/log>   cacheDir:</home/gqzcl/workspace/arod-im/app/logic/cmd/logic/cache>
2022-04-11T20:56:08.296+0800	[34mINFO[0m	naming_client/push_receiver.go:80	udp server start, port: 55379
2022-04-11T20:56:08.296+0800	[31mERROR[0m	cache/disk_cache.go:60	read cacheDir:/home/gqzcl/workspace/arod-im/app/logic/cmd/logic/cache/naming failed!err:open /home/gqzcl/workspace/arod-im/app/logic/cmd/logic/cache/naming: no such file or directory
2022-04-11T20:57:35.131+0800	[34mINFO[0m	nacos_client/nacos_client.go:79	logDir:</home/gqzcl/workspace/arod-im/app/logic/cmd/logic/log>   cacheDir:</home/gqzcl/workspace/arod-im/app/logic/cmd/logic/cache>
2022-04-11T20:57:35.131+0800	[34mINFO[0m	naming_client/push_receiver.go:80	udp server start, port: 55678
2022-04-11T20:57:35.131+0800	[31mERROR[0m	cache/disk_cache.go:60	read cacheDir:/home/gqzcl/workspace/arod-im/app/logic/cmd/logic/cache/naming failed!err:open /home/gqzcl/workspace/arod-im/app/logic/cmd/logic/cache/naming: no such file or directory
2022-04-12T11:54:23.921+0800	[34mINFO[0m	nacos_client/nacos_client.go:79	logDir:</home/gqzcl/workspace/arod-im/app/logic/cmd/logic/log>   cacheDir:</home/gqzcl/workspace/arod-im/app/logic/cmd/logic/cache>
2022-04-12T11:54:23.922+0800	[34mINFO[0m	naming_client/push_receiver.go:80	udp server start, port: 55207
2022-04-12T11:54:23.922+0800	[31mERROR[0m	cache/disk_cache.go:60	read cacheDir:/home/gqzcl/workspace/arod-im/app/logic/cmd/logic/cache/naming failed!err:open /home/gqzcl/workspace/arod-im/app/logic/cmd/logic/cache/naming: no such file or directory
2022-04-12T11:56:20.872+0800	[34mINFO[0m	nacos_client/nacos_client.go:79	logDir:</home/gqzcl/workspace/arod-im/app/logic/cmd/logic/log>   cacheDir:</home/gqzcl/workspace/arod-im/app/logic/cmd/logic/cache>
2022-04-12T11:56:20.873+0800	[34mINFO[0m	naming_client/push_receiver.go:80	udp server start, port: 55860
2022-04-12T11:56:20.873+0800	[31mERROR[0m	cache/disk_cache.go:60	read cacheDir:/home/gqzcl/workspace/arod-im/app/logic/cmd/logic/cache/naming failed!err:open /home/gqzcl/workspace/arod-im/app/logic/cmd/logic/cache/naming: no such file or directory
2022-04-12T11:59:23.880+0800	[34mINFO[0m	nacos_client/nacos_client.go:79	logDir:</home/gqzcl/workspace/arod-im/app/logic/cmd/logic/log>   cacheDir:</home/gqzcl/workspace/arod-im/app/logic/cmd/logic/cache>
2022-04-12T11:59:23.887+0800	[34mINFO[0m	naming_client/push_receiver.go:80	udp server start, port: 55458
2022-04-12T11:59:23.887+0800	[31mERROR[0m	cache/disk_cache.go:60	read cacheDir:/home/gqzcl/workspace/arod-im/app/logic/cmd/logic/cache/naming failed!err:open /home/gqzcl/workspace/arod-im/app/logic/cmd/logic/cache/naming: no such file or directory
2022-04-12T15:26:45.301+0800	[34mINFO[0m	nacos_client/nacos_client.go:79	logDir:</home/gqzcl/workspace/arod-im/app/logic/cmd/logic/log>   cacheDir:</home/gqzcl/workspace/arod-im/app/logic/cmd/logic/cache>
2022-04-12T15:26:45.301+0800	[34mINFO[0m	naming_client/push_receiver.go:80	udp server start, port: 55942
2022-04-12T15:26:45.301+0800	[31mERROR[0m	cache/disk_cache.go:60	read cacheDir:/home/gqzcl/workspace/arod-im/app/logic/cmd/logic/cache/naming failed!err:open /home/gqzcl/workspace/arod-im/app/logic/cmd/logic/cache/naming: no such file or directory
2022-04-12T15:28:24.010+0800	[34mINFO[0m	nacos_client/nacos_client.go:79	logDir:</home/gqzcl/workspace/arod-im/app/logic/cmd/logic/log>   cacheDir:</home/gqzcl/workspace/arod-im/app/logic/cmd/logic/cache>
2022-04-12T15:28:24.010+0800	[34mINFO[0m	naming_client/push_receiver.go:80	udp server start, port: 55698
2022-04-12T15:28:24.010+0800	[31mERROR[0m	cache/disk_cache.go:60	read cacheDir:/home/gqzcl/workspace/arod-im/app/logic/cmd/logic/cache/naming failed!err:open /home/gqzcl/workspace/arod-im/app/logic/cmd/logic/cache/naming: no such file or directory
2022-04-12T22:34:22.388+0800	[34mINFO[0m	nacos_client/nacos_client.go:79	logDir:</home/gqzcl/workspace/arod-im/app/logic/cmd/logic/log>   cacheDir:</home/gqzcl/workspace/arod-im/app/logic/cmd/logic/cache>
2022-04-12T22:34:22.389+0800	[34mINFO[0m	naming_client/push_receiver.go:80	udp server start, port: 54962
2022-04-12T22:34:22.389+0800	[31mERROR[0m	cache/disk_cache.go:60	read cacheDir:/home/gqzcl/workspace/arod-im/app/logic/cmd/logic/cache/naming failed!err:open /home/gqzcl/workspace/arod-im/app/logic/cmd/logic/cache/naming: no such file or directory
2022-04-12T22:34:22.434+0800	[34mINFO[0m	nacos_client/nacos_client.go:79	logDir:</home/gqzcl/workspace/arod-im/app/logic/cmd/logic/log>   cacheDir:</home/gqzcl/workspace/arod-im/app/logic/cmd/logic/cache>
2022-04-12T22:34:22.434+0800	[34mINFO[0m	naming_client/push_receiver.go:80	udp server start, port: 55017
2022-04-12T22:34:22.434+0800	[31mERROR[0m	cache/disk_cache.go:60	read cacheDir:/home/gqzcl/workspace/arod-im/app/logic/cmd/logic/cache/naming failed!err:open /home/gqzcl/workspace/arod-im/app/logic/cmd/logic/cache/naming: no such file or directory
2022-04-12T22:36:17.171+0800	[34mINFO[0m	nacos_client/nacos_client.go:79	logDir:</home/gqzcl/workspace/arod-im/app/logic/cmd/logic/log>   cacheDir:</home/gqzcl/workspace/arod-im/app/logic/cmd/logic/cache>
2022-04-12T22:36:17.172+0800	[34mINFO[0m	naming_client/push_receiver.go:80	udp server start, port: 55279
2022-04-12T22:36:17.172+0800	[31mERROR[0m	cache/disk_cache.go:60	read cacheDir:/home/gqzcl/workspace/arod-im/app/logic/cmd/logic/cache/naming failed!err:open /home/gqzcl/workspace/arod-im/app/logic/cmd/logic/cache/naming: no such file or directory
2022-04-12T22:36:17.213+0800	[34mINFO[0m	nacos_client/nacos_client.go:79	logDir:</home/gqzcl/workspace/arod-im/app/logic/cmd/logic/log>   cacheDir:</home/gqzcl/workspace/arod-im/app/logic/cmd/logic/cache>
2022-04-12T22:36:17.213+0800	[34mINFO[0m	naming_client/push_receiver.go:80	udp server start, port: 55067
2022-04-12T22:36:17.213+0800	[31mERROR[0m	cache/disk_cache.go:60	read cacheDir:/home/gqzcl/workspace/arod-im/app/logic/cmd/logic/cache/naming failed!err:open /home/gqzcl/workspace/arod-im/app/logic/cmd/logic/cache/naming: no such file or directory
2022-04-12T22:37:27.108+0800	[34mINFO[0m	nacos_client/nacos_client.go:79	logDir:</home/gqzcl/workspace/arod-im/app/logic/cmd/logic/log>   cacheDir:</home/gqzcl/workspace/arod-im/app/logic/cmd/logic/cache>
2022-04-12T22:37:27.108+0800	[34mINFO[0m	naming_client/push_receiver.go:80	udp server start, port: 55386
2022-04-12T22:37:27.108+0800	[31mERROR[0m	cache/disk_cache.go:60	read cacheDir:/home/gqzcl/workspace/arod-im/app/logic/cmd/logic/cache/naming failed!err:open /home/gqzcl/workspace/arod-im/app/logic/cmd/logic/cache/naming: no such file or directory
2022-04-12T22:37:27.154+0800	[34mINFO[0m	nacos_client/nacos_client.go:79	logDir:</home/gqzcl/workspace/arod-im/app/logic/cmd/logic/log>   cacheDir:</home/gqzcl/workspace/arod-im/app/logic/cmd/logic/cache>
2022-04-12T22:37:27.154+0800	[34mINFO[0m	naming_client/push_receiver.go:80	udp server start, port: 55063
2022-04-12T22:37:27.154+0800	[31mERROR[0m	cache/disk_cache.go:60	read cacheDir:/home/gqzcl/workspace/arod-im/app/logic/cmd/logic/cache/naming failed!err:open /home/gqzcl/workspace/arod-im/app/logic/cmd/logic/cache/naming: no such file or directory
2022-04-12T22:41:31.239+0800	[34mINFO[0m	nacos_client/nacos_client.go:79	logDir:</home/gqzcl/workspace/arod-im/app/logic/cmd/logic/log>   cacheDir:</home/gqzcl/workspace/arod-im/app/logic/cmd/logic/cache>
2022-04-12T22:41:31.240+0800	[34mINFO[0m	naming_client/push_receiver.go:80	udp server start, port: 55466
2022-04-12T22:41:31.240+0800	[31mERROR[0m	cache/disk_cache.go:60	read cacheDir:/home/gqzcl/workspace/arod-im/app/logic/cmd/logic/cache/naming failed!err:open /home/gqzcl/workspace/arod-im/app/logic/cmd/logic/cache/naming: no such file or directory
2022-04-12T22:41:31.290+0800	[34mINFO[0m	nacos_client/nacos_client.go:79	logDir:</tmp/nacos/log>   cacheDir:</tmp/nacos/cache>
2022-04-12T22:43:46.305+0800	[34mINFO[0m	nacos_client/nacos_client.go:79	logDir:</home/gqzcl/workspace/arod-im/app/logic/cmd/logic/log>   cacheDir:</home/gqzcl/workspace/arod-im/app/logic/cmd/logic/cache>
2022-04-12T22:43:46.305+0800	[34mINFO[0m	naming_client/push_receiver.go:80	udp server start, port: 55867
2022-04-12T22:43:46.305+0800	[31mERROR[0m	cache/disk_cache.go:60	read cacheDir:/home/gqzcl/workspace/arod-im/app/logic/cmd/logic/cache/naming failed!err:open /home/gqzcl/workspace/arod-im/app/logic/cmd/logic/cache/naming: no such file or directory
2022-04-12T22:43:46.351+0800	[34mINFO[0m	nacos_client/nacos_client.go:79	logDir:</tmp/nacos/log>   cacheDir:</tmp/nacos/cache>
2022-04-12T22:58:55.688+0800	[34mINFO[0m	nacos_client/nacos_client.go:79	logDir:</home/gqzcl/workspace/arod-im/app/logic/cmd/logic/log>   cacheDir:</home/gqzcl/workspace/arod-im/app/logic/cmd/logic/cache>
2022-04-12T22:58:55.689+0800	[34mINFO[0m	naming_client/push_receiver.go:80	udp server start, port: 55392
2022-04-12T22:58:55.689+0800	[31mERROR[0m	cache/disk_cache.go:60	read cacheDir:/home/gqzcl/workspace/arod-im/app/logic/cmd/logic/cache/naming failed!err:open /home/gqzcl/workspace/arod-im/app/logic/cmd/logic/cache/naming: no such file or directory
2022-04-12T22:58:55.739+0800	[34mINFO[0m	nacos_client/nacos_client.go:79	logDir:</tmp/nacos/log>   cacheDir:</tmp/nacos/cache>
2022-04-12T23:09:03.546+0800	[34mINFO[0m	nacos_client/nacos_client.go:79	logDir:</home/gqzcl/workspace/arod-im/app/logic/cmd/logic/log>   cacheDir:</home/gqzcl/workspace/arod-im/app/logic/cmd/logic/cache>
2022-04-12T23:09:03.547+0800	[34mINFO[0m	naming_client/push_receiver.go:80	udp server start, port: 55137
2022-04-12T23:09:03.547+0800	[31mERROR[0m	cache/disk_cache.go:60	read cacheDir:/home/gqzcl/workspace/arod-im/app/logic/cmd/logic/cache/naming failed!err:open /home/gqzcl/workspace/arod-im/app/logic/cmd/logic/cache/naming: no such file or directory
2022-04-12T23:09:03.596+0800	[34mINFO[0m	nacos_client/nacos_client.go:79	logDir:</tmp/nacos/log>   cacheDir:</tmp/nacos/cache>
2022-04-12T23:09:28.169+0800	[34mINFO[0m	nacos_client/nacos_client.go:79	logDir:</home/gqzcl/workspace/arod-im/app/logic/cmd/logic/log>   cacheDir:</home/gqzcl/workspace/arod-im/app/logic/cmd/logic/cache>
2022-04-12T23:09:28.169+0800	[34mINFO[0m	naming_client/push_receiver.go:80	udp server start, port: 55042
2022-04-12T23:09:28.169+0800	[31mERROR[0m	cache/disk_cache.go:60	read cacheDir:/home/gqzcl/workspace/arod-im/app/logic/cmd/logic/cache/naming failed!err:open /home/gqzcl/workspace/arod-im/app/logic/cmd/logic/cache/naming: no such file or directory
2022-04-12T23:09:28.224+0800	[34mINFO[0m	nacos_client/nacos_client.go:79	logDir:</tmp/nacos/log>   cacheDir:</tmp/nacos/cache>
2022-04-12T23:10:15.322+0800	[34mINFO[0m	nacos_client/nacos_client.go:79	logDir:</home/gqzcl/workspace/arod-im/app/logic/cmd/logic/log>   cacheDir:</home/gqzcl/workspace/arod-im/app/logic/cmd/logic/cache>
2022-04-12T23:10:15.323+0800	[34mINFO[0m	naming_client/push_receiver.go:80	udp server start, port: 55263
2022-04-12T23:10:15.323+0800	[31mERROR[0m	cache/disk_cache.go:60	read cacheDir:/home/gqzcl/workspace/arod-im/app/logic/cmd/logic/cache/naming failed!err:open /home/gqzcl/workspace/arod-im/app/logic/cmd/logic/cache/naming: no such file or directory
2022-04-12T23:10:15.372+0800	[34mINFO[0m	nacos_client/nacos_client.go:79	logDir:</tmp/nacos/log>   cacheDir:</tmp/nacos/cache>
2022-04-12T23:57:38.791+0800	[34mINFO[0m	nacos_client/nacos_client.go:79	logDir:</home/gqzcl/workspace/arod-im/app/logic/cmd/logic/log>   cacheDir:</home/gqzcl/workspace/arod-im/app/logic/cmd/logic/cache>
2022-04-12T23:57:38.791+0800	[34mINFO[0m	naming_client/push_receiver.go:80	udp server start, port: 55895
2022-04-12T23:57:38.791+0800	[31mERROR[0m	cache/disk_cache.go:60	read cacheDir:/home/gqzcl/workspace/arod-im/app/logic/cmd/logic/cache/naming failed!err:open /home/gqzcl/workspace/arod-im/app/logic/cmd/logic/cache/naming: no such file or directory
2022-04-12T23:57:38.855+0800	[34mINFO[0m	nacos_client/nacos_client.go:79	logDir:</tmp/nacos/log>   cacheDir:</tmp/nacos/cache>
2022-04-16T00:04:40.530+0800	[34mINFO[0m	nacos_client/nacos_client.go:79	logDir:</home/gqzcl/workspace/arod-im/app/logic/cmd/logic/log>   cacheDir:</home/gqzcl/workspace/arod-im/app/logic/cmd/logic/cache>
2022-04-16T00:04:40.531+0800	[34mINFO[0m	naming_client/push_receiver.go:80	udp server start, port: 55861
2022-04-16T00:04:40.531+0800	[31mERROR[0m	cache/disk_cache.go:60	read cacheDir:/home/gqzcl/workspace/arod-im/app/logic/cmd/logic/cache/naming failed!err:open /home/gqzcl/workspace/arod-im/app/logic/cmd/logic/cache/naming: no such file or directory
2022-04-16T00:04:40.578+0800	[34mINFO[0m	nacos_client/nacos_client.go:79	logDir:</tmp/nacos/log>   cacheDir:</tmp/nacos/cache>
2022-04-16T00:06:02.669+0800	[34mINFO[0m	nacos_client/nacos_client.go:79	logDir:</home/gqzcl/workspace/arod-im/app/logic/cmd/logic/log>   cacheDir:</home/gqzcl/workspace/arod-im/app/logic/cmd/logic/cache>
2022-04-16T00:06:02.669+0800	[34mINFO[0m	naming_client/push_receiver.go:80	udp server start, port: 55650
2022-04-16T00:06:02.669+0800	[31mERROR[0m	cache/disk_cache.go:60	read cacheDir:/home/gqzcl/workspace/arod-im/app/logic/cmd/logic/cache/naming failed!err:open /home/gqzcl/workspace/arod-im/app/logic/cmd/logic/cache/naming: no such file or directory
2022-04-16T00:06:02.718+0800	[34mINFO[0m	nacos_client/nacos_client.go:79	logDir:</tmp/nacos/log>   cacheDir:</tmp/nacos/cache>
2022-04-17T16:03:28.767+0800	[34mINFO[0m	nacos_client/nacos_client.go:79	logDir:</home/gqzcl/workspace/arod-im/app/logic/cmd/logic/log>   cacheDir:</home/gqzcl/workspace/arod-im/app/logic/cmd/logic/cache>
2022-04-17T16:03:28.768+0800	[34mINFO[0m	naming_client/push_receiver.go:80	udp server start, port: 55361
2022-04-17T16:03:28.769+0800	[31mERROR[0m	cache/disk_cache.go:60	read cacheDir:/home/gqzcl/workspace/arod-im/app/logic/cmd/logic/cache/naming failed!err:open /home/gqzcl/workspace/arod-im/app/logic/cmd/logic/cache/naming: no such file or directory
2022-04-17T16:03:28.827+0800	[34mINFO[0m	nacos_client/nacos_client.go:79	logDir:</tmp/nacos/log>   cacheDir:</tmp/nacos/cache>
2022-04-26T12:37:13.839+0800	[34mINFO[0m	nacos_client/nacos_client.go:79	logDir:</home/gqzcl/workspace/arod-im/app/logic/cmd/logic/log>   cacheDir:</home/gqzcl/workspace/arod-im/app/logic/cmd/logic/cache>
2022-04-26T12:37:13.840+0800	[34mINFO[0m	naming_client/push_receiver.go:80	udp server start, port: 55453
2022-04-26T12:37:13.840+0800	[31mERROR[0m	cache/disk_cache.go:60	read cacheDir:/home/gqzcl/workspace/arod-im/app/logic/cmd/logic/cache/naming failed!err:open /home/gqzcl/workspace/arod-im/app/logic/cmd/logic/cache/naming: no such file or directory
2022-04-26T12:37:13.897+0800	[34mINFO[0m	nacos_client/nacos_client.go:79	logDir:</tmp/nacos/log>   cacheDir:</tmp/nacos/cache>
2022-04-26T12:48:41.834+0800	[34mINFO[0m	nacos_client/nacos_client.go:79	logDir:</home/gqzcl/workspace/arod-im/app/logic/cmd/logic/log>   cacheDir:</home/gqzcl/workspace/arod-im/app/logic/cmd/logic/cache>
2022-04-26T12:48:41.834+0800	[34mINFO[0m	naming_client/push_receiver.go:80	udp server start, port: 55081
2022-04-26T12:48:41.834+0800	[31mERROR[0m	cache/disk_cache.go:60	read cacheDir:/home/gqzcl/workspace/arod-im/app/logic/cmd/logic/cache/naming failed!err:open /home/gqzcl/workspace/arod-im/app/logic/cmd/logic/cache/naming: no such file or directory
2022-04-26T12:48:41.883+0800	[34mINFO[0m	nacos_client/nacos_client.go:79	logDir:</tmp/nacos/log>   cacheDir:</tmp/nacos/cache>
2022-04-26T14:58:15.472+0800	[34mINFO[0m	nacos_client/nacos_client.go:79	logDir:</home/gqzcl/workspace/arod-im/app/logic/cmd/logic/log>   cacheDir:</home/gqzcl/workspace/arod-im/app/logic/cmd/logic/cache>
2022-04-26T14:58:15.473+0800	[34mINFO[0m	naming_client/push_receiver.go:80	udp server start, port: 55254
2022-04-26T14:58:15.473+0800	[31mERROR[0m	cache/disk_cache.go:60	read cacheDir:/home/gqzcl/workspace/arod-im/app/logic/cmd/logic/cache/naming failed!err:open /home/gqzcl/workspace/arod-im/app/logic/cmd/logic/cache/naming: no such file or directory
2022-04-26T14:58:15.532+0800	[34mINFO[0m	nacos_client/nacos_client.go:79	logDir:</tmp/nacos/log>   cacheDir:</tmp/nacos/cache>
2022-04-26T15:05:22.328+0800	[34mINFO[0m	nacos_client/nacos_client.go:79	logDir:</home/gqzcl/workspace/arod-im/app/logic/cmd/logic/log>   cacheDir:</home/gqzcl/workspace/arod-im/app/logic/cmd/logic/cache>
2022-04-26T15:05:22.328+0800	[34mINFO[0m	naming_client/push_receiver.go:80	udp server start, port: 54957
2022-04-26T15:05:22.329+0800	[31mERROR[0m	cache/disk_cache.go:60	read cacheDir:/home/gqzcl/workspace/arod-im/app/logic/cmd/logic/cache/naming failed!err:open /home/gqzcl/workspace/arod-im/app/logic/cmd/logic/cache/naming: no such file or directory
2022-04-26T15:05:22.378+0800	[34mINFO[0m	nacos_client/nacos_client.go:79	logDir:</tmp/nacos/log>   cacheDir:</tmp/nacos/cache>
2022-04-27T23:48:31.973+0800	[34mINFO[0m	nacos_client/nacos_client.go:79	logDir:</home/gqzcl/workspace/arod-im/app/logic/cmd/logic/log>   cacheDir:</home/gqzcl/workspace/arod-im/app/logic/cmd/logic/cache>
2022-04-27T23:48:31.974+0800	[34mINFO[0m	naming_client/push_receiver.go:80	udp server start, port: 55662
2022-04-27T23:48:31.974+0800	[31mERROR[0m	cache/disk_cache.go:60	read cacheDir:/home/gqzcl/workspace/arod-im/app/logic/cmd/logic/cache/naming failed!err:open /home/gqzcl/workspace/arod-im/app/logic/cmd/logic/cache/naming: no such file or directory
2022-04-27T23:48:32.043+0800	[34mINFO[0m	nacos_client/nacos_client.go:79	logDir:</tmp/nacos/log>   cacheDir:</tmp/nacos/cache>
2022-04-28T19:51:58.874+0800	[34mINFO[0m	nacos_client/nacos_client.go:79	logDir:</home/gqzcl/workspace/arod-im/app/logic/cmd/logic/log>   cacheDir:</home/gqzcl/workspace/arod-im/app/logic/cmd/logic/cache>
2022-04-28T19:51:58.875+0800	[34mINFO[0m	naming_client/push_receiver.go:80	udp server start, port: 55705
2022-04-28T19:51:58.875+0800	[31mERROR[0m	cache/disk_cache.go:60	read cacheDir:/home/gqzcl/workspace/arod-im/app/logic/cmd/logic/cache/naming failed!err:open /home/gqzcl/workspace/arod-im/app/logic/cmd/logic/cache/naming: no such file or directory
2022-04-28T19:51:58.933+0800	[34mINFO[0m	nacos_client/nacos_client.go:79	logDir:</tmp/nacos/log>   cacheDir:</tmp/nacos/cache>
2022-04-28T19:54:52.559+0800	[34mINFO[0m	nacos_client/nacos_client.go:79	logDir:</home/gqzcl/workspace/arod-im/app/logic/cmd/logic/log>   cacheDir:</home/gqzcl/workspace/arod-im/app/logic/cmd/logic/cache>
2022-04-28T19:54:52.560+0800	[34mINFO[0m	naming_client/push_receiver.go:80	udp server start, port: 55268
2022-04-28T19:54:52.560+0800	[31mERROR[0m	cache/disk_cache.go:60	read cacheDir:/home/gqzcl/workspace/arod-im/app/logic/cmd/logic/cache/naming failed!err:open /home/gqzcl/workspace/arod-im/app/logic/cmd/logic/cache/naming: no such file or directory
2022-04-28T19:54:52.613+0800	[34mINFO[0m	nacos_client/nacos_client.go:79	logDir:</tmp/nacos/log>   cacheDir:</tmp/nacos/cache>
2022-04-28T19:55:57.906+0800	[34mINFO[0m	nacos_client/nacos_client.go:79	logDir:</home/gqzcl/workspace/arod-im/app/logic/cmd/logic/log>   cacheDir:</home/gqzcl/workspace/arod-im/app/logic/cmd/logic/cache>
2022-04-28T19:55:57.906+0800	[34mINFO[0m	naming_client/push_receiver.go:80	udp server start, port: 55300
2022-04-28T19:55:57.906+0800	[31mERROR[0m	cache/disk_cache.go:60	read cacheDir:/home/gqzcl/workspace/arod-im/app/logic/cmd/logic/cache/naming failed!err:open /home/gqzcl/workspace/arod-im/app/logic/cmd/logic/cache/naming: no such file or directory
2022-04-28T19:55:57.953+0800	[34mINFO[0m	nacos_client/nacos_client.go:79	logDir:</tmp/nacos/log>   cacheDir:</tmp/nacos/cache>
2022-04-28T20:04:00.549+0800	[34mINFO[0m	nacos_client/nacos_client.go:79	logDir:</home/gqzcl/workspace/arod-im/app/logic/cmd/logic/log>   cacheDir:</home/gqzcl/workspace/arod-im/app/logic/cmd/logic/cache>
2022-04-28T20:04:00.550+0800	[34mINFO[0m	naming_client/push_receiver.go:80	udp server start, port: 55038
2022-04-28T20:04:00.550+0800	[31mERROR[0m	cache/disk_cache.go:60	read cacheDir:/home/gqzcl/workspace/arod-im/app/logic/cmd/logic/cache/naming failed!err:open /home/gqzcl/workspace/arod-im/app/logic/cmd/logic/cache/naming: no such file or directory
2022-04-28T20:04:43.035+0800	[34mINFO[0m	nacos_client/nacos_client.go:79	logDir:</home/gqzcl/workspace/arod-im/app/logic/cmd/logic/log>   cacheDir:</home/gqzcl/workspace/arod-im/app/logic/cmd/logic/cache>
2022-04-28T20:04:43.036+0800	[34mINFO[0m	naming_client/push_receiver.go:80	udp server start, port: 55637
2022-04-28T20:04:43.036+0800	[31mERROR[0m	cache/disk_cache.go:60	read cacheDir:/home/gqzcl/workspace/arod-im/app/logic/cmd/logic/cache/naming failed!err:open /home/gqzcl/workspace/arod-im/app/logic/cmd/logic/cache/naming: no such file or directory
2022-04-28T20:04:43.085+0800	[34mINFO[0m	nacos_client/nacos_client.go:79	logDir:</tmp/nacos/log>   cacheDir:</tmp/nacos/cache>
2022-04-28T20:20:20.394+0800	[34mINFO[0m	nacos_client/nacos_client.go:79	logDir:</home/gqzcl/workspace/arod-im/app/logic/cmd/logic/log>   cacheDir:</home/gqzcl/workspace/arod-im/app/logic/cmd/logic/cache>
2022-04-28T20:20:20.394+0800	[34mINFO[0m	naming_client/push_receiver.go:80	udp server start, port: 55481
2022-04-28T20:20:20.394+0800	[31mERROR[0m	cache/disk_cache.go:60	read cacheDir:/home/gqzcl/workspace/arod-im/app/logic/cmd/logic/cache/naming failed!err:open /home/gqzcl/workspace/arod-im/app/logic/cmd/logic/cache/naming: no such file or directory
2022-04-28T20:20:20.449+0800	[34mINFO[0m	nacos_client/nacos_client.go:79	logDir:</tmp/nacos/log>   cacheDir:</tmp/nacos/cache>
2022-04-28T23:11:36.986+0800	[34mINFO[0m	nacos_client/nacos_client.go:79	logDir:</home/gqzcl/workspace/arod-im/app/logic/cmd/logic/log>   cacheDir:</home/gqzcl/workspace/arod-im/app/logic/cmd/logic/cache>
2022-04-28T23:11:36.987+0800	[34mINFO[0m	naming_client/push_receiver.go:80	udp server start, port: 55190
2022-04-28T23:11:36.987+0800	[31mERROR[0m	cache/disk_cache.go:60	read cacheDir:/home/gqzcl/workspace/arod-im/app/logic/cmd/logic/cache/naming failed!err:open /home/gqzcl/workspace/arod-im/app/logic/cmd/logic/cache/naming: no such file or directory
2022-04-28T23:11:37.086+0800	[34mINFO[0m	nacos_client/nacos_client.go:79	logDir:</tmp/nacos/log>   cacheDir:</tmp/nacos/cache>
2022-04-28T23:18:23.825+0800	[34mINFO[0m	nacos_client/nacos_client.go:79	logDir:</home/gqzcl/workspace/arod-im/app/logic/cmd/logic/log>   cacheDir:</home/gqzcl/workspace/arod-im/app/logic/cmd/logic/cache>
2022-04-28T23:18:23.826+0800	[34mINFO[0m	naming_client/push_receiver.go:80	udp server start, port: 55053
2022-04-28T23:18:23.826+0800	[31mERROR[0m	cache/disk_cache.go:60	read cacheDir:/home/gqzcl/workspace/arod-im/app/logic/cmd/logic/cache/naming failed!err:open /home/gqzcl/workspace/arod-im/app/logic/cmd/logic/cache/naming: no such file or directory
2022-04-28T23:18:23.876+0800	[34mINFO[0m	nacos_client/nacos_client.go:79	logDir:</tmp/nacos/log>   cacheDir:</tmp/nacos/cache>
2022-04-28T23:18:36.847+0800	[34mINFO[0m	nacos_client/nacos_client.go:79	logDir:</home/gqzcl/workspace/arod-im/app/logic/cmd/logic/log>   cacheDir:</home/gqzcl/workspace/arod-im/app/logic/cmd/logic/cache>
2022-04-28T23:18:36.849+0800	[34mINFO[0m	naming_client/push_receiver.go:80	udp server start, port: 55301
2022-04-28T23:18:36.849+0800	[31mERROR[0m	cache/disk_cache.go:60	read cacheDir:/home/gqzcl/workspace/arod-im/app/logic/cmd/logic/cache/naming failed!err:open /home/gqzcl/workspace/arod-im/app/logic/cmd/logic/cache/naming: no such file or directory
2022-04-28T23:18:36.899+0800	[34mINFO[0m	nacos_client/nacos_client.go:79	logDir:</tmp/nacos/log>   cacheDir:</tmp/nacos/cache>
2022-04-28T23:20:28.048+0800	[34mINFO[0m	nacos_client/nacos_client.go:79	logDir:</home/gqzcl/workspace/arod-im/app/logic/cmd/logic/log>   cacheDir:</home/gqzcl/workspace/arod-im/app/logic/cmd/logic/cache>
2022-04-28T23:20:28.049+0800	[34mINFO[0m	naming_client/push_receiver.go:80	udp server start, port: 55209
2022-04-28T23:20:28.049+0800	[31mERROR[0m	cache/disk_cache.go:60	read cacheDir:/home/gqzcl/workspace/arod-im/app/logic/cmd/logic/cache/naming failed!err:open /home/gqzcl/workspace/arod-im/app/logic/cmd/logic/cache/naming: no such file or directory
2022-04-28T23:20:28.103+0800	[34mINFO[0m	nacos_client/nacos_client.go:79	logDir:</tmp/nacos/log>   cacheDir:</tmp/nacos/cache>
2022-04-28T23:23:59.999+0800	[34mINFO[0m	nacos_client/nacos_client.go:79	logDir:</home/gqzcl/workspace/arod-im/app/logic/cmd/logic/log>   cacheDir:</home/gqzcl/workspace/arod-im/app/logic/cmd/logic/cache>
2022-04-28T23:24:00.000+0800	[34mINFO[0m	naming_client/push_receiver.go:80	udp server start, port: 55138
2022-04-28T23:24:00.000+0800	[31mERROR[0m	cache/disk_cache.go:60	read cacheDir:/home/gqzcl/workspace/arod-im/app/logic/cmd/logic/cache/naming failed!err:open /home/gqzcl/workspace/arod-im/app/logic/cmd/logic/cache/naming: no such file or directory
2022-04-28T23:24:00.049+0800	[34mINFO[0m	nacos_client/nacos_client.go:79	logDir:</tmp/nacos/log>   cacheDir:</tmp/nacos/cache>
2022-04-28T23:27:19.816+0800	[34mINFO[0m	nacos_client/nacos_client.go:79	logDir:</home/gqzcl/workspace/arod-im/app/logic/cmd/logic/log>   cacheDir:</home/gqzcl/workspace/arod-im/app/logic/cmd/logic/cache>
2022-04-28T23:27:19.817+0800	[34mINFO[0m	naming_client/push_receiver.go:80	udp server start, port: 55554
2022-04-28T23:27:19.817+0800	[31mERROR[0m	cache/disk_cache.go:60	read cacheDir:/home/gqzcl/workspace/arod-im/app/logic/cmd/logic/cache/naming failed!err:open /home/gqzcl/workspace/arod-im/app/logic/cmd/logic/cache/naming: no such file or directory
2022-04-28T23:27:19.863+0800	[34mINFO[0m	nacos_client/nacos_client.go:79	logDir:</tmp/nacos/log>   cacheDir:</tmp/nacos/cache>
2022-04-30T00:34:58.197+0800	[34mINFO[0m	nacos_client/nacos_client.go:79	logDir:</home/gqzcl/workspace/arod-im/app/logic/cmd/logic/log>   cacheDir:</home/gqzcl/workspace/arod-im/app/logic/cmd/logic/cache>
2022-04-30T00:34:58.198+0800	[34mINFO[0m	naming_client/push_receiver.go:80	udp server start, port: 55786
2022-04-30T00:34:58.199+0800	[31mERROR[0m	cache/disk_cache.go:60	read cacheDir:/home/gqzcl/workspace/arod-im/app/logic/cmd/logic/cache/naming failed!err:open /home/gqzcl/workspace/arod-im/app/logic/cmd/logic/cache/naming: no such file or directory
2022-04-30T00:34:58.250+0800	[34mINFO[0m	nacos_client/nacos_client.go:79	logDir:</tmp/nacos/log>   cacheDir:</tmp/nacos/cache>
2022-04-30T00:38:25.974+0800	[34mINFO[0m	nacos_client/nacos_client.go:79	logDir:</home/gqzcl/workspace/arod-im/app/logic/cmd/logic/log>   cacheDir:</home/gqzcl/workspace/arod-im/app/logic/cmd/logic/cache>
2022-04-30T00:38:25.975+0800	[34mINFO[0m	naming_client/push_receiver.go:80	udp server start, port: 55734
2022-04-30T00:38:25.975+0800	[31mERROR[0m	cache/disk_cache.go:60	read cacheDir:/home/gqzcl/workspace/arod-im/app/logic/cmd/logic/cache/naming failed!err:open /home/gqzcl/workspace/arod-im/app/logic/cmd/logic/cache/naming: no such file or directory
2022-04-30T00:38:26.027+0800	[34mINFO[0m	nacos_client/nacos_client.go:79	logDir:</tmp/nacos/log>   cacheDir:</tmp/nacos/cache>
2022-05-04T14:35:57.252+0800	[34mINFO[0m	nacos_client/nacos_client.go:79	logDir:</home/gqzcl/workspace/arod-im/app/logic/cmd/logic/log>   cacheDir:</home/gqzcl/workspace/arod-im/app/logic/cmd/logic/cache>
2022-05-04T14:35:57.255+0800	[34mINFO[0m	naming_client/push_receiver.go:80	udp server start, port: 55039
2022-05-04T14:35:57.255+0800	[31mERROR[0m	cache/disk_cache.go:60	read cacheDir:/home/gqzcl/workspace/arod-im/app/logic/cmd/logic/cache/naming failed!err:open /home/gqzcl/workspace/arod-im/app/logic/cmd/logic/cache/naming: no such file or directory
2022-05-04T14:35:57.316+0800	[34mINFO[0m	nacos_client/nacos_client.go:79	logDir:</tmp/nacos/log>   cacheDir:</tmp/nacos/cache>
2022-05-05T19:06:10.284+0800	[34mINFO[0m	nacos_client/nacos_client.go:79	logDir:</home/gqzcl/workspace/arod-im/app/logic/cmd/logic/log>   cacheDir:</home/gqzcl/workspace/arod-im/app/logic/cmd/logic/cache>
2022-05-05T19:06:10.285+0800	[34mINFO[0m	naming_client/push_receiver.go:80	udp server start, port: 54960
2022-05-05T19:06:10.285+0800	[31mERROR[0m	cache/disk_cache.go:60	read cacheDir:/home/gqzcl/workspace/arod-im/app/logic/cmd/logic/cache/naming failed!err:open /home/gqzcl/workspace/arod-im/app/logic/cmd/logic/cache/naming: no such file or directory
2022-05-05T19:06:10.338+0800	[34mINFO[0m	nacos_client/nacos_client.go:79	logDir:</tmp/nacos/log>   cacheDir:</tmp/nacos/cache>
2022-05-05T19:14:43.556+0800	[34mINFO[0m	nacos_client/nacos_client.go:79	logDir:</home/gqzcl/workspace/arod-im/app/logic/cmd/logic/log>   cacheDir:</home/gqzcl/workspace/arod-im/app/logic/cmd/logic/cache>
2022-05-05T19:14:43.557+0800	[34mINFO[0m	naming_client/push_receiver.go:80	udp server start, port: 55731
2022-05-05T19:14:43.557+0800	[31mERROR[0m	cache/disk_cache.go:60	read cacheDir:/home/gqzcl/workspace/arod-im/app/logic/cmd/logic/cache/naming failed!err:open /home/gqzcl/workspace/arod-im/app/logic/cmd/logic/cache/naming: no such file or directory
2022-05-05T19:14:43.619+0800	[34mINFO[0m	nacos_client/nacos_client.go:79	logDir:</tmp/nacos/log>   cacheDir:</tmp/nacos/cache>
2022-05-05T22:08:20.048+0800	[34mINFO[0m	nacos_client/nacos_client.go:79	logDir:</home/gqzcl/workspace/arod-im/app/logic/cmd/logic/log>   cacheDir:</home/gqzcl/workspace/arod-im/app/logic/cmd/logic/cache>
2022-05-05T22:08:20.051+0800	[34mINFO[0m	naming_client/push_receiver.go:80	udp server start, port: 55396
2022-05-05T22:08:20.051+0800	[31mERROR[0m	cache/disk_cache.go:60	read cacheDir:/home/gqzcl/workspace/arod-im/app/logic/cmd/logic/cache/naming failed!err:open /home/gqzcl/workspace/arod-im/app/logic/cmd/logic/cache/naming: no such file or directory
2022-05-05T22:08:20.104+0800	[34mINFO[0m	nacos_client/nacos_client.go:79	logDir:</tmp/nacos/log>   cacheDir:</tmp/nacos/cache>
2022-05-06T00:00:18.957+0800	[34mINFO[0m	nacos_client/nacos_client.go:79	logDir:</home/gqzcl/workspace/arod-im/app/logic/cmd/logic/log>   cacheDir:</home/gqzcl/workspace/arod-im/app/logic/cmd/logic/cache>
2022-05-06T00:00:18.958+0800	[34mINFO[0m	naming_client/push_receiver.go:80	udp server start, port: 55717
2022-05-06T00:00:18.958+0800	[31mERROR[0m	cache/disk_cache.go:60	read cacheDir:/home/gqzcl/workspace/arod-im/app/logic/cmd/logic/cache/naming failed!err:open /home/gqzcl/workspace/arod-im/app/logic/cmd/logic/cache/naming: no such file or directory
2022-05-06T00:00:19.008+0800	[34mINFO[0m	nacos_client/nacos_client.go:79	logDir:</tmp/nacos/log>   cacheDir:</tmp/nacos/cache>
2022-05-06T17:45:43.870+0800	[34mINFO[0m	nacos_client/nacos_client.go:79	logDir:</home/gqzcl/workspace/arod-im/app/logic/cmd/logic/log>   cacheDir:</home/gqzcl/workspace/arod-im/app/logic/cmd/logic/cache>
2022-05-06T17:45:43.871+0800	[34mINFO[0m	naming_client/push_receiver.go:80	udp server start, port: 55816
2022-05-06T17:45:43.872+0800	[31mERROR[0m	cache/disk_cache.go:60	read cacheDir:/home/gqzcl/workspace/arod-im/app/logic/cmd/logic/cache/naming failed!err:open /home/gqzcl/workspace/arod-im/app/logic/cmd/logic/cache/naming: no such file or directory
2022-05-06T17:45:43.949+0800	[34mINFO[0m	nacos_client/nacos_client.go:79	logDir:</tmp/nacos/log>   cacheDir:</tmp/nacos/cache>
2022-05-06T17:46:13.993+0800	[34mINFO[0m	nacos_client/nacos_client.go:79	logDir:</home/gqzcl/workspace/arod-im/app/logic/cmd/logic/log>   cacheDir:</home/gqzcl/workspace/arod-im/app/logic/cmd/logic/cache>
2022-05-06T17:46:13.994+0800	[34mINFO[0m	naming_client/push_receiver.go:80	udp server start, port: 55458
2022-05-06T17:46:13.994+0800	[31mERROR[0m	cache/disk_cache.go:60	read cacheDir:/home/gqzcl/workspace/arod-im/app/logic/cmd/logic/cache/naming failed!err:open /home/gqzcl/workspace/arod-im/app/logic/cmd/logic/cache/naming: no such file or directory
2022-05-06T17:46:14.065+0800	[34mINFO[0m	nacos_client/nacos_client.go:79	logDir:</tmp/nacos/log>   cacheDir:</tmp/nacos/cache>
2022-05-06T17:50:38.018+0800	[34mINFO[0m	nacos_client/nacos_client.go:79	logDir:</home/gqzcl/workspace/arod-im/app/logic/cmd/logic/log>   cacheDir:</home/gqzcl/workspace/arod-im/app/logic/cmd/logic/cache>
2022-05-06T17:50:38.019+0800	[34mINFO[0m	naming_client/push_receiver.go:80	udp server start, port: 55390
2022-05-06T17:50:38.019+0800	[31mERROR[0m	cache/disk_cache.go:60	read cacheDir:/home/gqzcl/workspace/arod-im/app/logic/cmd/logic/cache/naming failed!err:open /home/gqzcl/workspace/arod-im/app/logic/cmd/logic/cache/naming: no such file or directory
2022-05-06T17:50:38.064+0800	[34mINFO[0m	nacos_client/nacos_client.go:79	logDir:</tmp/nacos/log>   cacheDir:</tmp/nacos/cache>
