make all --print-data-base --no-builtin-variables --no-builtin-rules --question
# make[1]: Entering directory '/workspaces/gqzcl-docker/arod-im'
 
# GNU Make 4.2.1
# Built for x86_64-pc-linux-gnu
# Copyright (C) 1988-2016 Free Software Foundation, Inc.
# License GPLv3+: GNU GPL version 3 or later <http://gnu.org/licenses/gpl.html>
# This is free software: you are free to change and redistribute it.
# There is NO WARRANTY, to the extent permitted by law.

# Make data base, printed on Sat Jun 18 13:45:28 2022

# Variables

# automatic
<D = $(patsubst %/,%,$(dir $<))
# automatic
?F = $(notdir $?)
# default
.SHELLFLAGS := -c
# environment
VSCODE_AGENT_FOLDER = /home/codespace/.vscode-remote
# environment
VSCODE_LOG_NATIVE = false
# environment
NODE_ROOT = /home/codespace/.nodejs
# automatic
?D = $(patsubst %/,%,$(dir $?))
# environment
JAVA_ROOT = /home/codespace/.java
# automatic
@D = $(patsubst %/,%,$(dir $@))
# automatic
@F = $(notdir $@)
# makefile
CURDIR := /workspaces/gqzcl-docker/arod-im
# environment
DOCKER_BUILDKIT = 1
# environment
PYTHON_ROOT = /home/codespace/.python
# makefile (from 'Makefile', line 5)
ROOT_DIR := /workspaces/gqzcl-docker/arod-im
# environment
VSCODE_NLS_CONFIG = {"locale":"zh-cn","availableLanguages":{"*":"zh-cn"},"_languagePackId":"bbca1a7059cee8a1b93da8947fee1c4f.zh-cn","_translationsConfigFile":"/home/codespace/.vscode-remote/data/clp/bbca1a7059cee8a1b93da8947fee1c4f.zh-cn/tcf.json","_cacheRoot":"/home/codespace/.vscode-remote/data/clp/bbca1a7059cee8a1b93da8947fee1c4f.zh-cn","_resolvedLanguagePackCoreLocation":"/home/codespace/.vscode-remote/data/clp/bbca1a7059cee8a1b93da8947fee1c4f.zh-cn/4af164ea3a06f701fe3e89a2bcbb421d2026b68f","_corruptedFile":"/home/codespace/.vscode-remote/data/clp/bbca1a7059cee8a1b93da8947fee1c4f.zh-cn/corrupted.info","_languagePackSupport":true}
# makefile (from 'scripts/make-rules/gen_config.mk', line 1)
INTERNAL_PROTO_FILES1 = $(shell find app/logic/internal -name *.proto)
# environment
GITHUB_GRAPHQL_URL = https://api.github.com/graphql
# environment
RUBY_HOME = /opt/ruby/lts
# environment
GITHUB_TOKEN = ghu_ZyZw0ucagGOOr3yYVhx6KdtXoATLdD1feI7l
# makefile (from 'scripts/make-rules/gen_config.mk', line 2)
INTERNAL_PROTO_FILES2 = $(shell find app/job/internal -name *.proto)
# makefile (from 'scripts/make-rules/copyright.mk', line 1)
MAKEFILE_LIST :=  Makefile scripts/make-rules/tools.mk scripts/make-rules/init.mk scripts/make-rules/gen_config.mk scripts/make-rules/gen_api.mk scripts/make-rules/gen_wire.mk scripts/make-rules/run.mk scripts/make-rules/copyright.mk
# environment
ENABLE_DYNAMIC_INSTALL = true
# 'override' directive
GNUMAKEFLAGS := 
# environment
VSCODE_AMD_ENTRYPOINT = vs/workbench/api/node/extensionHostProcess
# makefile (from 'Makefile', line 2)
VERSION = $(shell git describe --tags --always)
# environment
VSCODE_VERBOSE_LOGGING = true
# environment
VSCODE_CWD = /vscode/bin/linux-x64/4af164ea3a06f701fe3e89a2bcbb421d2026b68f
# environment
GOPROXY = https://proxy.golang.org,direct
# environment
DOTNET_SKIP_FIRST_TIME_EXPERIENCE = 1
# environment
PATH = /usr/local/go/bin:/vscode/bin/linux-x64/4af164ea3a06f701fe3e89a2bcbb421d2026b68f/bin/remote-cli:/home/codespace/.nvm/current/bin:/home/codespace/.npm-global/bin:/home/codespace/.python/current/bin:/usr/local/sbin:/usr/local/bin:/usr/sbin:/usr/bin:/sbin:/bin:/home/codespace/.dotnet:/home/codespace/.dotnet/tools:/usr/local/sdkman/bin:/usr/local/sdkman/candidates/gradle/current/bin:/usr/local/sdkman/candidates/java/current/bin:/opt/maven/lts:/go/bin:/usr/local/py-utils/bin:/opt/conda/condabin:/home/codespace/.java/current/bin:/home/codespace/.nodejs/current/bin:/home/codespace/.php/current/bin:/home/codespace/.ruby/current/bin:/home/codespace/.maven/current/bin:/home/codespace/.hugo/current/bin:/home/codespace/.local/bin:/opt/oryx:/opt/nodejs/lts/bin:/opt/dotnet/lts:/opt/python/latest/bin:/opt/php/lts/bin:/opt/php-composer:/opt/yarn/stable/bin:/opt/hugo/lts::/opt/java/lts/bin:/opt/maven/lts/bin:/opt/ruby/lts/bin
# environment
DYNAMIC_INSTALL_ROOT_DIR = /opt
# environment
CLOUDENV_ENVIRONMENT_ID = 1049a167-028a-4e3f-88a5-afd0f20baa50
# environment
ORYX_AI_INSTRUMENTATION_KEY = 4aadba6b-30c8-42db-9b93-024d5c62b887
# environment
GITHUB_SERVER_URL = https://github.com
# environment
PIPX_BIN_DIR = /usr/local/py-utils/bin
# environment
PIPX_HOME = /usr/local/py-utils
# environment
SDKMAN_DIR = /usr/local/sdkman
# makefile (from 'Makefile', line 1)
GOPATH := /go
# environment
VSCODE_LOG_STACK = false
# environment
NUGET_XMLDOC_MODE = skip
# environment
VSCODE_IPC_HOOK_CLI = /tmp/vscode-ipc-c70ee19a-e8bb-4285-b2d8-adc984b00f53.sock
# default
.FEATURES := target-specific order-only second-expansion else-if shortest-stem undefine oneshell archives jobserver output-sync check-symlink load
# environment
CODESPACES = true
# environment
CODESPACE_NAME = gqzcl-arod-im-jwxq4ppr3p446
# automatic
%F = $(notdir $%)
# environment
CONDA_SCRIPT = /opt/conda/etc/profile.d/conda.sh
# environment
VSCODE_PIPE_LOGGING = true
# environment
JUPYTERLAB_PATH = /home/codespace/.local/bin
# environment
ORIGINAL_PATH = /usr/local/sbin:/usr/local/bin:/usr/sbin:/usr/bin:/sbin:/bin
# environment
ORYX_SDK_STORAGE_BASE_URL = https://oryx-cdn.microsoft.io
# environment
DOTNET_ROOT = /home/codespace/.dotnet
# default
.LOADED := 
# makefile (from 'scripts/make-rules/gen_config.mk', line 3)
INTERNAL_PROTO_FILES3 = $(shell find app/connector/internal -name *.proto)
# environment
RVM_PATH = /usr/local/rvm
# environment
NPM_GLOBAL = /home/codespace/.npm-global
# environment
ORYX_PATHS = /opt/oryx:/opt/nodejs/lts/bin:/opt/dotnet/lts:/opt/python/latest/bin:/opt/php/lts/bin:/opt/php-composer:/opt/yarn/stable/bin:/opt/hugo/lts::/opt/java/lts/bin:/opt/maven/lts/bin:/opt/ruby/lts/bin
# environment
NVM_SYMLINK_CURRENT = true
# environment
GOMODCACHE = /go/pkg/mod
# environment
HOME = /home/codespace
# environment
NUGET_PACKAGES = /var/nuget
# environment
APPLICATION_INSIGHTS_NO_DIAGNOSTIC_CHANNEL = 1
# automatic
+F = $(notdir $+)
# environment
ORYX_PREFER_USER_INSTALLED_SDKS = true
# environment
PYTHONIOENCODING = UTF-8
# environment
VSCODE_HANDLES_UNCAUGHT_ERRORS = true
# automatic
^D = $(patsubst %/,%,$(dir $^))
# environment
HOSTNAME = codespaces-1e256d
# environment
ORYX_ENV_TYPE = vsonline-present
# environment
MAKELEVEL := 1
# default
MAKE = $(MAKE_COMMAND)
# environment
HUGO_ROOT = /home/codespace/.hugo
# default
MAKECMDGOALS := init.install
# environment
RUBY_ROOT = /home/codespace/.ruby
# environment
MAVEN_ROOT = /home/codespace/.maven
# environment
JAVA_HOME = /opt/java/lts
# default
MAKE_VERSION := 4.2.1
# environment
GITHUB_CODESPACE_TOKEN = AKJRBD6CVP6TQDRCDNESGM3CVZZ27ANCNFSM4ABRTB3Q
# makefile (from 'Makefile', line 88)
.DEFAULT_GOAL := help
# environment
GOROOT = /usr/local/go
# makefile (from 'scripts/make-rules/gen_api.mk', line 1)
API_PROTO_FILES = $(shell find api -name *.proto)
# automatic
%D = $(patsubst %/,%,$(dir $%))
# default
MAKE_COMMAND := make
# makefile (from 'scripts/make-rules/tools.mk', line 2)
TOOLS = $(BLOCKER_TOOLS) $(CRITICAL_TOOLS) $(TRIVIAL_TOOLS)
# default
.VARIABLES := 
# automatic
*F = $(notdir $*)
# makefile
MAKEFLAGS = pqrRw
# environment
MFLAGS = -pqrRw
# automatic
*D = $(patsubst %/,%,$(dir $*))
# environment
NVM_DIR = /home/codespace/.nvm
# automatic
+D = $(patsubst %/,%,$(dir $+))
# makefile
SHELL = /bin/sh
# environment
BROWSER = /vscode/bin/linux-x64/4af164ea3a06f701fe3e89a2bcbb421d2026b68f/bin/helpers/browser.sh
# environment
PHP_ROOT = /home/codespace/.php
# environment
RepositoryName = null
# environment
NVS_HOME = /home/codespace/.nvs
# environment
VSCODE_HANDLES_SIGPIPE = true
# environment
GITHUB_USER = gqzcl
# 'override' directive
.SHELLSTATUS := 0
# default
MAKEFILES := 
# automatic
<F = $(notdir $<)
# environment
GITHUB_API_URL = https://api.github.com
# environment
PWD = /workspaces/gqzcl-docker/arod-im
# environment
LC_ALL = C
# environment
GIT_COMMITTER_NAME = GitHub
# environment
INTERNAL_VSCS_TARGET_URL = https://southeastasia.online.visualstudio.com
# environment
GITHUB_REPOSITORY = gqzcl/arod-im
# automatic
^F = $(notdir $^)
# default
SUFFIXES := 
# environment
GIT_COMMITTER_EMAIL = noreply@github.com
# default
.INCLUDE_DIRS = /usr/include /usr/local/include /usr/include
# environment
DEBIAN_FLAVOR = focal-scm
# makefile (from 'Makefile', line 3)
COMMON_SELF_DIR := ./
# default
.RECIPEPREFIX := 
# default
MAKE_HOST := x86_64-pc-linux-gnu
# environment
RAILS_DEVELOPMENT_HOSTS = .githubpreview.dev
# environment
LANG = C
# environment
VSCODE_EXTHOST_WILL_SEND_SOCKET = true
# environment
ContainerVersion = 12
# variable set hash-table stats:
# Load=118/1024=12%, Rehash=0, Collisions=18/180=10%

# Pattern-specific Variable Values

# No pattern-specific variable values.

# Directories

# . (device 1792, inode 1310870): 22 files, no impossibilities.

# 22 files, no impossibilities in 1 directories.

# Implicit Rules

tools.install.%:
#  recipe to execute (from 'scripts/make-rules/tools.mk', line 9):
	@echo "======> Installing $*"
	@$(MAKE) install.$*

tools.verify.%:
#  recipe to execute (from 'scripts/make-rules/tools.mk', line 14):
	@if ! which $* &>/dev/null; then $(MAKE) tools.install.$*; fi

# 2 implicit rules, 0 (0.0%) terminal.

# Files

wire.job:
#  Phony target (prerequisite of .PHONY).
#  Implicit rule search has not been done.
#  File does not exist.
 
#  File has not been updated.
#  recipe to execute (from 'scripts/make-rules/gen_wire.mk', line 6):
	cd app/job/cmd/job && wire

install.gsemver:
#  Phony target (prerequisite of .PHONY).
#  Implicit rule search has not been done.
#  File does not exist.
#  File has not been updated.
#  recipe to execute (from 'scripts/make-rules/tools.mk', line 22):
	@go install github.com/arnaud-deprez/gsemver@latest

# Not a target:
scripts/make-rules/gen_wire.mk:
#  Implicit rule search has been done.
#  Last modified 2022-05-26 15:16:24.337065435
#  File has been updated.
#  Successfully updated.

# Not a target:
scripts/make-rules/copyright.mk:
#  Implicit rule search has been done.
#  Last modified 2022-05-26 15:16:24.337065435
#  File has been updated.
#  Successfully updated.

run.job:
#  Phony target (prerequisite of .PHONY).
#  Implicit rule search has not been done.
#  File does not exist.
#  File has not been updated.
#  recipe to execute (from 'scripts/make-rules/run.mk', line 10):
	@kratos run app/job/cmd/job

config:
#  Phony target (prerequisite of .PHONY).
#  Implicit rule search has not been done.
#  File does not exist.
#  File has not been updated.
#  recipe to execute (from 'Makefile', line 34):
	@$(MAKE) config.all

all: init api config generate
#  Phony target (prerequisite of .PHONY).
#  Implicit rule search has not been done.
#  File does not exist.
#  File has not been updated.

.PHONY: tools.install tools.install.% tools.verify.% install.swagger install.gsemver install.addlicense init.install config.all config.logic config.job config.connector api.all wire.all wire.job wire.logic wire.connector run.all run.logic run.job run.connector copyright.verify copyright.add all init config api generate wire build tools copyright-verify copyright-add help
#  Implicit rule search has not been done.
#  Modification time never checked.
#  File has not been updated.

wire.connector:
#  Phony target (prerequisite of .PHONY).
#  Implicit rule search has not been done.
#  File does not exist.
#  File has not been updated.
#  recipe to execute (from 'scripts/make-rules/gen_wire.mk', line 14):
	cd app/connector/cmd/connector && wire

# Not a target:
scripts/make-rules/tools.mk:
#  Implicit rule search has been done.
#  Last modified 2022-05-26 15:16:24.337065435
#  File has been updated.
#  Successfully updated.

config.all: config.logic config.job config.connector
#  Phony target (prerequisite of .PHONY).
#  Implicit rule search has not been done.
#  File does not exist.
#  File has not been updated.

api:
#  Phony target (prerequisite of .PHONY).
#  Implicit rule search has not been done.
#  File does not exist.
#  File has not been updated.
#  recipe to execute (from 'Makefile', line 39):
	@$(MAKE) api.all

tools.install.%:
#  Phony target (prerequisite of .PHONY).
#  Implicit rule search has not been done.
#  File does not exist.
#  File has not been updated.

run.connector:
#  Phony target (prerequisite of .PHONY).
#  Implicit rule search has not been done.
#  File does not exist.
#  File has not been updated.
#  recipe to execute (from 'scripts/make-rules/run.mk', line 14):
	@kratos run app/connector/cmd/connector

# Not a target:
.SUFFIXES:
#  Implicit rule search has not been done.
#  Modification time never checked.
#  File has not been updated.

# Not a target:
Makefile:
#  Implicit rule search has been done.
#  Last modified 2022-05-26 15:16:24.325064879
#  File has been updated.
#  Successfully updated.

api.all:
#  Phony target (prerequisite of .PHONY).
#  Implicit rule search has not been done.
#  File does not exist.
#  File has not been updated.
#  recipe to execute (from 'scripts/make-rules/gen_api.mk', line 5):
	protoc --proto_path=./api \
	       --proto_path=./third_party \
 	       --go_out=paths=source_relative:./api \
 	       --go-http_out=paths=source_relative:./api \
 	       --go-grpc_out=paths=source_relative:./api \
 	       --openapi_out==paths=source_relative:. \
	       $(API_PROTO_FILES)

config.logic:
#  Phony target (prerequisite of .PHONY).
#  Implicit rule search has not been done.
#  File does not exist.
#  File has not been updated.
#  recipe to execute (from 'scripts/make-rules/gen_config.mk', line 11):
	protoc --proto_path=./app/logic/internal \
	       --proto_path=./third_party \
 	       --go_out=paths=source_relative:./app/logic/internal \
	       $(INTERNAL_PROTO_FILES1)

copyright-add:
#  Phony target (prerequisite of .PHONY).
#  Implicit rule search has not been done.
#  File does not exist.
#  File has not been updated.
#  recipe to execute (from 'Makefile', line 74):
	@$(MAKE) copyright.add

copyright.add: tools.verify.addlicense
#  Phony target (prerequisite of .PHONY).
#  Implicit rule search has not been done.
#  File does not exist.
#  File has not been updated.
#  recipe to execute (from 'scripts/make-rules/copyright.mk', line 8):
	@addlicense -v -f $(ROOT_DIR)/scripts/copyright.txt $(ROOT_DIR) --skip-dirs=third_party,vendor,_output

build:
#  Phony target (prerequisite of .PHONY).
#  Implicit rule search has not been done.
#  File does not exist.
#  File has not been updated.
#  recipe to execute (from 'Makefile', line 58):
	mkdir -p bin/ && go build -ldflags "-X main.Version=$(VERSION)" -o ./bin/ ./...

# Not a target:
scripts/make-rules/run.mk:
#  Implicit rule search has been done.
#  Last modified 2022-05-26 15:16:24.337065435
#  File has been updated.
#  Successfully updated.

# Not a target:
scripts/make-rules/gen_config.mk:
#  Implicit rule search has been done.
#  Last modified 2022-05-26 15:16:24.337065435
#  File has been updated.
#  Successfully updated.

help: Makefile
#  Phony target (prerequisite of .PHONY).
#  Implicit rule search has not been done.
#  File does not exist.
#  File has not been updated.
#  recipe to execute (from 'Makefile', line 81):
	@echo "Usage: make [target]"
	@echo ""
	@echo "Targets:"
	@sed -n 's/^##//p' $< | column -t -s ':' | sed -e 's/^/ /'
	@echo "$$USAGE_OPTIONS"

generate:
#  Phony target (prerequisite of .PHONY).
#  Implicit rule search has not been done.
#  File does not exist.
#  File has not been updated.
#  recipe to execute (from 'Makefile', line 44):
	go mod tidy
	go get github.com/google/wire/cmd/wire@latest
	go generate ./...

install.addlicense:
#  Phony target (prerequisite of .PHONY).
#  Implicit rule search has not been done.
#  File does not exist.
#  File has not been updated.
#  recipe to execute (from 'scripts/make-rules/tools.mk', line 27):
	@go install github.com/marmotedu/addlicense@latest

config.job:
#  Phony target (prerequisite of .PHONY).
#  Implicit rule search has not been done.
#  File does not exist.
#  File has not been updated.
#  recipe to execute (from 'scripts/make-rules/gen_config.mk', line 18):
	protoc --proto_path=./app/job/internal \
    	   --proto_path=./third_party \
     	   --go_out=paths=source_relative:./app/job/internal \
    	   $(INTERNAL_PROTO_FILES2)

wire:
#  Phony target (prerequisite of .PHONY).
#  Implicit rule search has not been done.
#  File does not exist.
#  File has not been updated.
#  recipe to execute (from 'Makefile', line 51):
	@$(MAKE) wire.all

install.swagger:
#  Phony target (prerequisite of .PHONY).
#  Implicit rule search has not been done.
#  File does not exist.
#  File has not been updated.
#  recipe to execute (from 'scripts/make-rules/tools.mk', line 18):
	@go install github.com/go-swagger/go-swagger/cmd/swagger@latest

# Not a target:
.DEFAULT:
#  Implicit rule search has not been done.
#  Modification time never checked.
#  File has not been updated.

init.install:
#  Phony target (prerequisite of .PHONY).
#  Command line target.
#  Implicit rule search has not been done.
#  Implicit/static pattern stem: ''
#  File does not exist.
#  File has been updated.
#  Needs to be updated (-q is set).
# automatic
# @ := init.install
# automatic
# % := 
# automatic
# * := 
# automatic
# + := 
# automatic
# | := 
# automatic
# < := 
# automatic
# ^ := 
# automatic
# ? := 
# variable set hash-table stats:
# Load=8/32=25%, Rehash=0, Collisions=1/11=9%
#  recipe to execute (from 'scripts/make-rules/init.mk', line 3):
	go install google.golang.org/protobuf/cmd/protoc-gen-go@latest
	go install google.golang.org/grpc/cmd/protoc-gen-go-grpc@latest
	go install github.com/go-kratos/kratos/cmd/kratos/v2@latest
	go install github.com/go-kratos/kratos/cmd/protoc-gen-go-http/v2@latest
	go install github.com/google/gnostic/cmd/protoc-gen-openapi@latest
	go install github.com/panjf2000/gnet/v2
	go install github.com/google/wire/cmd/wire@latest

copyright-verify:
#  Phony target (prerequisite of .PHONY).
#  Implicit rule search has not been done.
#  File does not exist.
#  File has not been updated.
#  recipe to execute (from 'Makefile', line 69):
	@$(MAKE) copyright.verify

wire.all: wire.job wire.connector wire.logic
#  Phony target (prerequisite of .PHONY).
#  Implicit rule search has not been done.
#  File does not exist.
#  File has not been updated.

config.connector:
#  Phony target (prerequisite of .PHONY).
#  Implicit rule search has not been done.
#  File does not exist.
#  File has not been updated.
#  recipe to execute (from 'scripts/make-rules/gen_config.mk', line 25):
	protoc --proto_path=./app/connector/internal \
    	   --proto_path=./third_party \
     	   --go_out=paths=source_relative:./app/connector/internal \
    	   $(INTERNAL_PROTO_FILES3)

copyright.verify: tools.verify.addlicense
#  Phony target (prerequisite of .PHONY).
#  Implicit rule search has not been done.
#  File does not exist.
#  File has not been updated.
#  recipe to execute (from 'scripts/make-rules/copyright.mk', line 3):
	@echo "===================================> Verifying all files"
	@addlicense --check -f $(ROOT_DIR)/scripts/copyright.txt $(ROOT_DIR) --skip-dirs=third_party,vendor,_output

# Not a target:
scripts/make-rules/init.mk:
#  Implicit rule search has been done.
#  Last modified 2022-06-09 10:51:02.84817185
#  File has been updated.
#  Successfully updated.

init:
#  Phony target (prerequisite of .PHONY).
#  Implicit rule search has not been done.
#  File does not exist.
#  File has not been updated.
#  recipe to execute (from 'Makefile', line 29):
	@$(MAKE) init.install

run.all: run.logic run.connector run.job
#  Phony target (prerequisite of .PHONY).
#  Implicit rule search has not been done.
#  File does not exist.
#  File has not been updated.

wire.logic:
#  Phony target (prerequisite of .PHONY).
#  Implicit rule search has not been done.
#  File does not exist.
#  File has not been updated.
#  recipe to execute (from 'scripts/make-rules/gen_wire.mk', line 10):
	cd app/logic/cmd/logic && wire

tools.install:
#  Phony target (prerequisite of .PHONY).
#  Implicit rule search has not been done.
#  File does not exist.
#  File has not been updated.

tools.verify.%:
#  Phony target (prerequisite of .PHONY).
#  Implicit rule search has not been done.
#  File does not exist.
#  File has not been updated.

run.logic:
#  Phony target (prerequisite of .PHONY).
#  Implicit rule search has not been done.
#  File does not exist.
#  File has not been updated.
#  recipe to execute (from 'scripts/make-rules/run.mk', line 6):
	@kratos run app/logic/cmd/logic

tools:
#  Phony target (prerequisite of .PHONY).
 
#  Implicit rule search has not been done.
#  File does not exist.
#  File has not been updated.
#  recipe to execute (from 'Makefile', line 64):
	@$(MAKE) tools.install

# Not a target:
scripts/make-rules/gen_api.mk:
#  Implicit rule search has been done.
#  Last modified 2022-05-26 15:16:24.337065435
#  File has been updated.
#  Successfully updated.

# Not a target:
tools.verify.addlicense:
#  Implicit rule search has not been done.
#  Modification time never checked.
#  File has not been updated.

# files hash-table stats:
# Load=45/1024=4%, Rehash=0, Collisions=0/175=0%
# VPATH Search Paths

# No 'vpath' search paths.

# No general ('VPATH' variable) search path.

# strcache buffers: 1 (0) / strings = 67 / storage = 820 B / avg = 12 B
# current buf: size = 8162 B / used = 820 B / count = 67 / avg = 12 B

# strcache performance: lookups = 225 / hit rate = 70%
# hash-table stats:
# Load=67/8192=1%, Rehash=0, Collisions=1/225=0%
# Finished Make data base on Sat Jun 18 13:45:28 2022

# make[1]: Leaving directory '/workspaces/gqzcl-docker/arod-im'
# GNU Make 4.2.1
# Built for x86_64-pc-linux-gnu
# Copyright (C) 1988-2016 Free Software Foundation, Inc.
# License GPLv3+: GNU GPL version 3 or later <http://gnu.org/licenses/gpl.html>
# This is free software: you are free to change and redistribute it.
# There is NO WARRANTY, to the extent permitted by law.

# Make data base, printed on Sat Jun 18 13:45:28 2022

# Variables

# automatic
<D = $(patsubst %/,%,$(dir $<))
# automatic
?F = $(notdir $?)
# default
.SHELLFLAGS := -c
# environment
VSCODE_AGENT_FOLDER = /home/codespace/.vscode-remote
# environment
VSCODE_LOG_NATIVE = false
# environment
NODE_ROOT = /home/codespace/.nodejs
# automatic
?D = $(patsubst %/,%,$(dir $?))
# environment
JAVA_ROOT = /home/codespace/.java
# automatic
@D = $(patsubst %/,%,$(dir $@))
# automatic
@F = $(notdir $@)
# makefile
CURDIR := /workspaces/gqzcl-docker/arod-im
# environment
DOCKER_BUILDKIT = 1
# environment
GOPROXY = https://proxy.golang.org,direct
# environment
PYTHON_ROOT = /home/codespace/.python
# makefile (from 'Makefile', line 5)
ROOT_DIR := /workspaces/gqzcl-docker/arod-im
# environment
VSCODE_NLS_CONFIG = {"locale":"zh-cn","availableLanguages":{"*":"zh-cn"},"_languagePackId":"bbca1a7059cee8a1b93da8947fee1c4f.zh-cn","_translationsConfigFile":"/home/codespace/.vscode-remote/data/clp/bbca1a7059cee8a1b93da8947fee1c4f.zh-cn/tcf.json","_cacheRoot":"/home/codespace/.vscode-remote/data/clp/bbca1a7059cee8a1b93da8947fee1c4f.zh-cn","_resolvedLanguagePackCoreLocation":"/home/codespace/.vscode-remote/data/clp/bbca1a7059cee8a1b93da8947fee1c4f.zh-cn/4af164ea3a06f701fe3e89a2bcbb421d2026b68f","_corruptedFile":"/home/codespace/.vscode-remote/data/clp/bbca1a7059cee8a1b93da8947fee1c4f.zh-cn/corrupted.info","_languagePackSupport":true}
# makefile (from 'scripts/make-rules/gen_config.mk', line 1)
INTERNAL_PROTO_FILES1 = $(shell find app/logic/internal -name *.proto)
# environment
GITHUB_GRAPHQL_URL = https://api.github.com/graphql
# environment
RUBY_HOME = /opt/ruby/lts
# environment
GITHUB_TOKEN = ghu_ZyZw0ucagGOOr3yYVhx6KdtXoATLdD1feI7l
# makefile (from 'scripts/make-rules/gen_config.mk', line 2)
INTERNAL_PROTO_FILES2 = $(shell find app/job/internal -name *.proto)
# makefile (from 'scripts/make-rules/copyright.mk', line 1)
MAKEFILE_LIST :=  Makefile scripts/make-rules/tools.mk scripts/make-rules/init.mk scripts/make-rules/gen_config.mk scripts/make-rules/gen_api.mk scripts/make-rules/gen_wire.mk scripts/make-rules/run.mk scripts/make-rules/copyright.mk
# environment
ENABLE_DYNAMIC_INSTALL = true
# 'override' directive
GNUMAKEFLAGS := 
# environment
VSCODE_AMD_ENTRYPOINT = vs/workbench/api/node/extensionHostProcess
# makefile (from 'Makefile', line 2)
VERSION = $(shell git describe --tags --always)
# environment
VSCODE_VERBOSE_LOGGING = true
# environment
VSCODE_CWD = /vscode/bin/linux-x64/4af164ea3a06f701fe3e89a2bcbb421d2026b68f
# environment
NUGET_PACKAGES = /var/nuget
# environment
DOTNET_SKIP_FIRST_TIME_EXPERIENCE = 1
# environment
PATH = /usr/local/go/bin:/vscode/bin/linux-x64/4af164ea3a06f701fe3e89a2bcbb421d2026b68f/bin/remote-cli:/home/codespace/.nvm/current/bin:/home/codespace/.npm-global/bin:/home/codespace/.python/current/bin:/usr/local/sbin:/usr/local/bin:/usr/sbin:/usr/bin:/sbin:/bin:/home/codespace/.dotnet:/home/codespace/.dotnet/tools:/usr/local/sdkman/bin:/usr/local/sdkman/candidates/gradle/current/bin:/usr/local/sdkman/candidates/java/current/bin:/opt/maven/lts:/go/bin:/usr/local/py-utils/bin:/opt/conda/condabin:/home/codespace/.java/current/bin:/home/codespace/.nodejs/current/bin:/home/codespace/.php/current/bin:/home/codespace/.ruby/current/bin:/home/codespace/.maven/current/bin:/home/codespace/.hugo/current/bin:/home/codespace/.local/bin:/opt/oryx:/opt/nodejs/lts/bin:/opt/dotnet/lts:/opt/python/latest/bin:/opt/php/lts/bin:/opt/php-composer:/opt/yarn/stable/bin:/opt/hugo/lts::/opt/java/lts/bin:/opt/maven/lts/bin:/opt/ruby/lts/bin
# environment
DYNAMIC_INSTALL_ROOT_DIR = /opt
# environment
CLOUDENV_ENVIRONMENT_ID = 1049a167-028a-4e3f-88a5-afd0f20baa50
# environment
ORYX_AI_INSTRUMENTATION_KEY = 4aadba6b-30c8-42db-9b93-024d5c62b887
# environment
GITHUB_SERVER_URL = https://github.com
# environment
PIPX_BIN_DIR = /usr/local/py-utils/bin
# environment
PIPX_HOME = /usr/local/py-utils
# environment
SDKMAN_DIR = /usr/local/sdkman
# makefile (from 'Makefile', line 1)
GOPATH := /go
# environment
VSCODE_LOG_STACK = false
# environment
NUGET_XMLDOC_MODE = skip
# environment
VSCODE_IPC_HOOK_CLI = /tmp/vscode-ipc-c70ee19a-e8bb-4285-b2d8-adc984b00f53.sock
# default
.FEATURES := target-specific order-only second-expansion else-if shortest-stem undefine oneshell archives jobserver output-sync check-symlink load
# environment
CODESPACES = true
# environment
CODESPACE_NAME = gqzcl-arod-im-jwxq4ppr3p446
# automatic
%F = $(notdir $%)
# environment
CONDA_SCRIPT = /opt/conda/etc/profile.d/conda.sh
# environment
VSCODE_PIPE_LOGGING = true
# environment
JUPYTERLAB_PATH = /home/codespace/.local/bin
# environment
ORIGINAL_PATH = /usr/local/sbin:/usr/local/bin:/usr/sbin:/usr/bin:/sbin:/bin
# environment
ORYX_SDK_STORAGE_BASE_URL = https://oryx-cdn.microsoft.io
# environment
DOTNET_ROOT = /home/codespace/.dotnet
# default
.LOADED := 
# makefile (from 'scripts/make-rules/gen_config.mk', line 3)
INTERNAL_PROTO_FILES3 = $(shell find app/connector/internal -name *.proto)
# environment
RVM_PATH = /usr/local/rvm
# environment
NPM_GLOBAL = /home/codespace/.npm-global
# environment
ORYX_PATHS = /opt/oryx:/opt/nodejs/lts/bin:/opt/dotnet/lts:/opt/python/latest/bin:/opt/php/lts/bin:/opt/php-composer:/opt/yarn/stable/bin:/opt/hugo/lts::/opt/java/lts/bin:/opt/maven/lts/bin:/opt/ruby/lts/bin
# environment
NVM_SYMLINK_CURRENT = true
# environment
GOMODCACHE = /go/pkg/mod
# environment
HOME = /home/codespace
# environment
APPLICATION_INSIGHTS_NO_DIAGNOSTIC_CHANNEL = 1
# automatic
+F = $(notdir $+)
# environment
ORYX_PREFER_USER_INSTALLED_SDKS = true
# environment
PYTHONIOENCODING = UTF-8
# environment
VSCODE_HANDLES_UNCAUGHT_ERRORS = true
# automatic
^D = $(patsubst %/,%,$(dir $^))
# environment
HOSTNAME = codespaces-1e256d
# environment
ORYX_ENV_TYPE = vsonline-present
# environment
MAKELEVEL := 0
# default
MAKE = $(MAKE_COMMAND)
# environment
HUGO_ROOT = /home/codespace/.hugo
# default
MAKECMDGOALS := all
# environment
RUBY_ROOT = /home/codespace/.ruby
# environment
MAVEN_ROOT = /home/codespace/.maven
# environment
JAVA_HOME = /opt/java/lts
# default
MAKE_VERSION := 4.2.1
# environment
GITHUB_CODESPACE_TOKEN = AKJRBD6CVP6TQDRCDNESGM3CVZZ27ANCNFSM4ABRTB3Q
# makefile (from 'Makefile', line 88)
.DEFAULT_GOAL := help
# environment
GOROOT = /usr/local/go
# makefile (from 'scripts/make-rules/gen_api.mk', line 1)
API_PROTO_FILES = $(shell find api -name *.proto)
# automatic
%D = $(patsubst %/,%,$(dir $%))
# default
MAKE_COMMAND := make
# makefile (from 'scripts/make-rules/tools.mk', line 2)
TOOLS = $(BLOCKER_TOOLS) $(CRITICAL_TOOLS) $(TRIVIAL_TOOLS)
# default
.VARIABLES := 
# automatic
*F = $(notdir $*)
# makefile
MAKEFLAGS = pqrR
# environment
MFLAGS = -pqrR
# automatic
*D = $(patsubst %/,%,$(dir $*))
# environment
NVM_DIR = /home/codespace/.nvm
# automatic
+D = $(patsubst %/,%,$(dir $+))
# makefile
SHELL = /bin/sh
# environment
BROWSER = /vscode/bin/linux-x64/4af164ea3a06f701fe3e89a2bcbb421d2026b68f/bin/helpers/browser.sh
# environment
PHP_ROOT = /home/codespace/.php
# environment
RepositoryName = null
# environment
NVS_HOME = /home/codespace/.nvs
# environment
VSCODE_HANDLES_SIGPIPE = true
# environment
GITHUB_USER = gqzcl
# 'override' directive
.SHELLSTATUS := 0
# default
MAKEFILES := 
# automatic
<F = $(notdir $<)
# environment
GITHUB_API_URL = https://api.github.com
# environment
PWD = /workspaces/gqzcl-docker/arod-im
# environment
LC_ALL = C
# environment
GIT_COMMITTER_NAME = GitHub
# environment
INTERNAL_VSCS_TARGET_URL = https://southeastasia.online.visualstudio.com
# environment
GITHUB_REPOSITORY = gqzcl/arod-im
# automatic
^F = $(notdir $^)
# default
SUFFIXES := 
# environment
GIT_COMMITTER_EMAIL = noreply@github.com
# default
.INCLUDE_DIRS = /usr/include /usr/local/include /usr/include
# environment
DEBIAN_FLAVOR = focal-scm
# makefile (from 'Makefile', line 3)
COMMON_SELF_DIR := ./
# default
.RECIPEPREFIX := 
# default
MAKE_HOST := x86_64-pc-linux-gnu
# environment
RAILS_DEVELOPMENT_HOSTS = .githubpreview.dev
 
# environment
LANG = C
# environment
VSCODE_EXTHOST_WILL_SEND_SOCKET = true
# environment
ContainerVersion = 12
# variable set hash-table stats:
# Load=118/1024=12%, Rehash=0, Collisions=17/179=9%

# Pattern-specific Variable Values

# No pattern-specific variable values.

# Directories

# . (device 1792, inode 1310870): 22 files, no impossibilities.

# 22 files, no impossibilities in 1 directories.

# Implicit Rules

tools.install.%:
#  recipe to execute (from 'scripts/make-rules/tools.mk', line 9):
	@echo "======> Installing $*"
	@$(MAKE) install.$*

tools.verify.%:
#  recipe to execute (from 'scripts/make-rules/tools.mk', line 14):
	@if ! which $* &>/dev/null; then $(MAKE) tools.install.$*; fi

# 2 implicit rules, 0 (0.0%) terminal.

# Files

wire.job:
#  Phony target (prerequisite of .PHONY).
#  Implicit rule search has not been done.
#  File does not exist.
#  File has not been updated.
#  recipe to execute (from 'scripts/make-rules/gen_wire.mk', line 6):
	cd app/job/cmd/job && wire

install.gsemver:
#  Phony target (prerequisite of .PHONY).
#  Implicit rule search has not been done.
#  File does not exist.
#  File has not been updated.
#  recipe to execute (from 'scripts/make-rules/tools.mk', line 22):
	@go install github.com/arnaud-deprez/gsemver@latest

# Not a target:
scripts/make-rules/gen_wire.mk:
#  Implicit rule search has been done.
#  Last modified 2022-05-26 15:16:24.337065435
#  File has been updated.
#  Successfully updated.

# Not a target:
scripts/make-rules/copyright.mk:
#  Implicit rule search has been done.
#  Last modified 2022-05-26 15:16:24.337065435
#  File has been updated.
#  Successfully updated.

run.job:
#  Phony target (prerequisite of .PHONY).
#  Implicit rule search has not been done.
#  File does not exist.
#  File has not been updated.
#  recipe to execute (from 'scripts/make-rules/run.mk', line 10):
	@kratos run app/job/cmd/job

config:
#  Phony target (prerequisite of .PHONY).
#  Implicit rule search has not been done.
#  File does not exist.
#  File has not been updated.
#  recipe to execute (from 'Makefile', line 34):
	@$(MAKE) config.all

all: init api config generate
#  Phony target (prerequisite of .PHONY).
#  Command line target.
#  Implicit rule search has not been done.
#  File does not exist.
#  File has not been updated.
# variable set hash-table stats:
# Load=0/32=0%, Rehash=0, Collisions=0/5=0%

.PHONY: tools.install tools.install.% tools.verify.% install.swagger install.gsemver install.addlicense init.install config.all config.logic config.job config.connector api.all wire.all wire.job wire.logic wire.connector run.all run.logic run.job run.connector copyright.verify copyright.add all init config api generate wire build tools copyright-verify copyright-add help
#  Implicit rule search has not been done.
#  Modification time never checked.
#  File has not been updated.

wire.connector:
#  Phony target (prerequisite of .PHONY).
#  Implicit rule search has not been done.
#  File does not exist.
#  File has not been updated.
#  recipe to execute (from 'scripts/make-rules/gen_wire.mk', line 14):
	cd app/connector/cmd/connector && wire

# Not a target:
scripts/make-rules/tools.mk:
#  Implicit rule search has been done.
#  Last modified 2022-05-26 15:16:24.337065435
#  File has been updated.
#  Successfully updated.

config.all: config.logic config.job config.connector
#  Phony target (prerequisite of .PHONY).
#  Implicit rule search has not been done.
#  File does not exist.
#  File has not been updated.

api:
#  Phony target (prerequisite of .PHONY).
#  Implicit rule search has not been done.
#  File does not exist.
#  File has not been updated.
#  recipe to execute (from 'Makefile', line 39):
	@$(MAKE) api.all

tools.install.%:
#  Phony target (prerequisite of .PHONY).
#  Implicit rule search has not been done.
#  File does not exist.
#  File has not been updated.

run.connector:
#  Phony target (prerequisite of .PHONY).
#  Implicit rule search has not been done.
#  File does not exist.
#  File has not been updated.
#  recipe to execute (from 'scripts/make-rules/run.mk', line 14):
	@kratos run app/connector/cmd/connector

# Not a target:
.SUFFIXES:
#  Implicit rule search has not been done.
#  Modification time never checked.
#  File has not been updated.

# Not a target:
Makefile:
#  Implicit rule search has been done.
#  Last modified 2022-05-26 15:16:24.325064879
#  File has been updated.
#  Successfully updated.

api.all:
#  Phony target (prerequisite of .PHONY).
#  Implicit rule search has not been done.
#  File does not exist.
#  File has not been updated.
#  recipe to execute (from 'scripts/make-rules/gen_api.mk', line 5):
	protoc --proto_path=./api \
	       --proto_path=./third_party \
 	       --go_out=paths=source_relative:./api \
 	       --go-http_out=paths=source_relative:./api \
 	       --go-grpc_out=paths=source_relative:./api \
 	       --openapi_out==paths=source_relative:. \
	       $(API_PROTO_FILES)

config.logic:
#  Phony target (prerequisite of .PHONY).
#  Implicit rule search has not been done.
#  File does not exist.
#  File has not been updated.
#  recipe to execute (from 'scripts/make-rules/gen_config.mk', line 11):
	protoc --proto_path=./app/logic/internal \
	       --proto_path=./third_party \
 	       --go_out=paths=source_relative:./app/logic/internal \
	       $(INTERNAL_PROTO_FILES1)

copyright-add:
#  Phony target (prerequisite of .PHONY).
#  Implicit rule search has not been done.
#  File does not exist.
#  File has not been updated.
#  recipe to execute (from 'Makefile', line 74):
	@$(MAKE) copyright.add

copyright.add: tools.verify.addlicense
#  Phony target (prerequisite of .PHONY).
#  Implicit rule search has not been done.
#  File does not exist.
#  File has not been updated.
#  recipe to execute (from 'scripts/make-rules/copyright.mk', line 8):
	@addlicense -v -f $(ROOT_DIR)/scripts/copyright.txt $(ROOT_DIR) --skip-dirs=third_party,vendor,_output

build:
#  Phony target (prerequisite of .PHONY).
#  Implicit rule search has not been done.
#  File does not exist.
#  File has not been updated.
#  recipe to execute (from 'Makefile', line 58):
	mkdir -p bin/ && go build -ldflags "-X main.Version=$(VERSION)" -o ./bin/ ./...

# Not a target:
scripts/make-rules/run.mk:
#  Implicit rule search has been done.
#  Last modified 2022-05-26 15:16:24.337065435
#  File has been updated.
#  Successfully updated.

# Not a target:
scripts/make-rules/gen_config.mk:
#  Implicit rule search has been done.
#  Last modified 2022-05-26 15:16:24.337065435
#  File has been updated.
#  Successfully updated.

help: Makefile
#  Phony target (prerequisite of .PHONY).
#  Implicit rule search has not been done.
#  File does not exist.
#  File has not been updated.
#  recipe to execute (from 'Makefile', line 81):
	@echo "Usage: make [target]"
	@echo ""
	@echo "Targets:"
	@sed -n 's/^##//p' $< | column -t -s ':' | sed -e 's/^/ /'
	@echo "$$USAGE_OPTIONS"

generate:
#  Phony target (prerequisite of .PHONY).
#  Implicit rule search has not been done.
#  File does not exist.
#  File has not been updated.
#  recipe to execute (from 'Makefile', line 44):
	go mod tidy
	go get github.com/google/wire/cmd/wire@latest
	go generate ./...

install.addlicense:
#  Phony target (prerequisite of .PHONY).
#  Implicit rule search has not been done.
#  File does not exist.
#  File has not been updated.
#  recipe to execute (from 'scripts/make-rules/tools.mk', line 27):
	@go install github.com/marmotedu/addlicense@latest

config.job:
#  Phony target (prerequisite of .PHONY).
#  Implicit rule search has not been done.
#  File does not exist.
#  File has not been updated.
#  recipe to execute (from 'scripts/make-rules/gen_config.mk', line 18):
	protoc --proto_path=./app/job/internal \
    	   --proto_path=./third_party \
     	   --go_out=paths=source_relative:./app/job/internal \
    	   $(INTERNAL_PROTO_FILES2)

wire:
#  Phony target (prerequisite of .PHONY).
#  Implicit rule search has not been done.
#  File does not exist.
#  File has not been updated.
#  recipe to execute (from 'Makefile', line 51):
	@$(MAKE) wire.all

install.swagger:
#  Phony target (prerequisite of .PHONY).
#  Implicit rule search has not been done.
#  File does not exist.
#  File has not been updated.
#  recipe to execute (from 'scripts/make-rules/tools.mk', line 18):
	@go install github.com/go-swagger/go-swagger/cmd/swagger@latest

# Not a target:
.DEFAULT:
#  Implicit rule search has not been done.
#  Modification time never checked.
#  File has not been updated.

init.install:
#  Phony target (prerequisite of .PHONY).
#  Implicit rule search has not been done.
#  File does not exist.
#  File has not been updated.
#  recipe to execute (from 'scripts/make-rules/init.mk', line 3):
	go install google.golang.org/protobuf/cmd/protoc-gen-go@latest
	go install google.golang.org/grpc/cmd/protoc-gen-go-grpc@latest
	go install github.com/go-kratos/kratos/cmd/kratos/v2@latest
	go install github.com/go-kratos/kratos/cmd/protoc-gen-go-http/v2@latest
 
	go install github.com/google/gnostic/cmd/protoc-gen-openapi@latest
	go install github.com/panjf2000/gnet/v2
	go install github.com/google/wire/cmd/wire@latest

copyright-verify:
#  Phony target (prerequisite of .PHONY).
#  Implicit rule search has not been done.
#  File does not exist.
#  File has not been updated.
#  recipe to execute (from 'Makefile', line 69):
	@$(MAKE) copyright.verify

wire.all: wire.job wire.connector wire.logic
#  Phony target (prerequisite of .PHONY).
#  Implicit rule search has not been done.
#  File does not exist.
#  File has not been updated.

config.connector:
#  Phony target (prerequisite of .PHONY).
#  Implicit rule search has not been done.
#  File does not exist.
#  File has not been updated.
#  recipe to execute (from 'scripts/make-rules/gen_config.mk', line 25):
	protoc --proto_path=./app/connector/internal \
    	   --proto_path=./third_party \
     	   --go_out=paths=source_relative:./app/connector/internal \
    	   $(INTERNAL_PROTO_FILES3)

copyright.verify: tools.verify.addlicense
#  Phony target (prerequisite of .PHONY).
#  Implicit rule search has not been done.
#  File does not exist.
#  File has not been updated.
#  recipe to execute (from 'scripts/make-rules/copyright.mk', line 3):
	@echo "===================================> Verifying all files"
	@addlicense --check -f $(ROOT_DIR)/scripts/copyright.txt $(ROOT_DIR) --skip-dirs=third_party,vendor,_output

# Not a target:
scripts/make-rules/init.mk:
#  Implicit rule search has been done.
#  Last modified 2022-06-09 10:51:02.84817185
#  File has been updated.
#  Successfully updated.

init:
#  Phony target (prerequisite of .PHONY).
#  Implicit rule search has not been done.
#  Implicit/static pattern stem: ''
#  File does not exist.
#  File has been updated.
#  Needs to be updated (-q is set).
# automatic
# @ := init
# automatic
# % := 
# automatic
# * := 
# automatic
# + := 
# automatic
# | := 
# automatic
# < := 
# automatic
# ^ := 
# automatic
# ? := 
# variable set hash-table stats:
# Load=8/32=25%, Rehash=0, Collisions=2/13=15%
#  recipe to execute (from 'Makefile', line 29):
	@$(MAKE) init.install

run.all: run.logic run.connector run.job
#  Phony target (prerequisite of .PHONY).
#  Implicit rule search has not been done.
#  File does not exist.
#  File has not been updated.

wire.logic:
#  Phony target (prerequisite of .PHONY).
#  Implicit rule search has not been done.
#  File does not exist.
#  File has not been updated.
#  recipe to execute (from 'scripts/make-rules/gen_wire.mk', line 10):
	cd app/logic/cmd/logic && wire

tools.install:
#  Phony target (prerequisite of .PHONY).
#  Implicit rule search has not been done.
#  File does not exist.
#  File has not been updated.

tools.verify.%:
#  Phony target (prerequisite of .PHONY).
#  Implicit rule search has not been done.
#  File does not exist.
#  File has not been updated.

run.logic:
#  Phony target (prerequisite of .PHONY).
#  Implicit rule search has not been done.
#  File does not exist.
#  File has not been updated.
#  recipe to execute (from 'scripts/make-rules/run.mk', line 6):
	@kratos run app/logic/cmd/logic

tools:
#  Phony target (prerequisite of .PHONY).
#  Implicit rule search has not been done.
#  File does not exist.
#  File has not been updated.
#  recipe to execute (from 'Makefile', line 64):
	@$(MAKE) tools.install

# Not a target:
scripts/make-rules/gen_api.mk:
#  Implicit rule search has been done.
#  Last modified 2022-05-26 15:16:24.337065435
#  File has been updated.
#  Successfully updated.

# Not a target:
tools.verify.addlicense:
#  Implicit rule search has not been done.
#  Modification time never checked.
#  File has not been updated.

# files hash-table stats:
# Load=45/1024=4%, Rehash=0, Collisions=0/176=0%
# VPATH Search Paths

# No 'vpath' search paths.

# No general ('VPATH' variable) search path.

# strcache buffers: 1 (0) / strings = 67 / storage = 820 B / avg = 12 B
# current buf: size = 8162 B / used = 820 B / count = 67 / avg = 12 B

# strcache performance: lookups = 225 / hit rate = 70%
# hash-table stats:
# Load=67/8192=1%, Rehash=0, Collisions=1/225=0%
# Finished Make data base on Sat Jun 18 13:45:28 2022

 
